{"meta": {"format": 3, "version": "7.13.5", "timestamp": "2026-04-19T11:15:32.436747", "branch_coverage": false, "show_contexts": false}, "files": {"app/__init__.py": {"executed_lines": [], "summary": {"covered_lines": 0, "num_statements": 0, "percent_covered": 100.0, "percent_covered_display": "100", "missing_lines": 0, "excluded_lines": 0, "percent_statements_covered": 100.0, "percent_statements_covered_display": "100"}, "missing_lines": [], "excluded_lines": [], "functions": {"": {"executed_lines": [], "summary": {"covered_lines": 0, "num_statements": 0, "percent_covered": 100.0, "percent_covered_display": "100", "missing_lines": 0, "excluded_lines": 0, "percent_statements_covered": 100.0, "percent_statements_covered_display": "100"}, "missing_lines": [], "excluded_lines": [], "start_line": 1}}, "classes": {"": {"executed_lines": [], "summary": {"covered_lines": 0, "num_statements": 0, "percent_covered": 100.0, "percent_covered_display": "100", "missing_lines": 0, "excluded_lines": 0, "percent_statements_covered": 100.0, "percent_statements_covered_display": "100"}, "missing_lines": [], "excluded_lines": [], "start_line": 1}}}, "app/api/__init__.py": {"executed_lines": [], "summary": {"covered_lines": 0, "num_statements": 0, "percent_covered": 100.0, "percent_covered_display": "100", "missing_lines": 0, "excluded_lines": 0, "percent_statements_covered": 100.0, "percent_statements_covered_display": "100"}, "missing_lines": [], "excluded_lines": [], "functions": {"": {"executed_lines": [], "summary": {"covered_lines": 0, "num_statements": 0, "percent_covered": 100.0, "percent_covered_display": "100", "missing_lines": 0, "excluded_lines": 0, "percent_statements_covered": 100.0, "percent_statements_covered_display": "100"}, "missing_lines": [], "excluded_lines": [], "start_line": 1}}, "classes": {"": {"executed_lines": [], "summary": {"covered_lines": 0, "num_statements": 0, "percent_covered": 100.0, "percent_covered_display": "100", "missing_lines": 0, "excluded_lines": 0, "percent_statements_covered": 100.0, "percent_statements_covered_display": "100"}, "missing_lines": [], "excluded_lines": [], "start_line": 1}}}, "app/api/v1/__init__.py": {"executed_lines": [3, 5, 7, 28, 29, 30, 31, 32, 33, 34, 35, 36, 37, 38, 39, 40, 41, 42, 43, 44, 45, 46], "summary": {"covered_lines": 22, "num_statements": 22, "percent_covered": 100.0, "percent_covered_display": "100", "missing_lines": 0, "excluded_lines": 0, "percent_statements_covered": 100.0, "percent_statements_covered_display": "100"}, "missing_lines": [], "excluded_lines": [], "functions": {"": {"executed_lines": [3, 5, 7, 28, 29, 30, 31, 32, 33, 34, 35, 36, 37, 38, 39, 40, 41, 42, 43, 44, 45, 46], "summary": {"covered_lines": 22, "num_statements": 22, "percent_covered": 100.0, "percent_covered_display": "100", "missing_lines": 0, "excluded_lines": 0, "percent_statements_covered": 100.0, "percent_statements_covered_display": "100"}, "missing_lines": [], "excluded_lines": [], "start_line": 1}}, "classes": {"": {"executed_lines": [3, 5, 7, 28, 29, 30, 31, 32, 33, 34, 35, 36, 37, 38, 39, 40, 41, 42, 43, 44, 45, 46], "summary": {"covered_lines": 22, "num_statements": 22, "percent_covered": 100.0, "percent_covered_display": "100", "missing_lines": 0, "excluded_lines": 0, "percent_statements_covered": 100.0, "percent_statements_covered_display": "100"}, "missing_lines": [], "excluded_lines": [], "start_line": 1}}}, "app/api/v1/ai_chat.py": {"executed_lines": [3, 5, 6, 8, 9, 10, 11, 13, 14, 15, 16, 17, 18, 19, 27, 28, 30, 32, 35, 41, 42, 48, 49, 57, 58, 98, 99, 146, 147], "summary": {"covered_lines": 29, "num_statements": 62, "percent_covered": 46.774193548387096, "percent_covered_display": "47", "missing_lines": 33, "excluded_lines": 0, "percent_statements_covered": 46.774193548387096, "percent_statements_covered_display": "47"}, "missing_lines": [36, 37, 38, 52, 53, 54, 65, 66, 67, 68, 69, 70, 71, 72, 73, 75, 76, 77, 90, 104, 105, 106, 107, 108, 109, 110, 121, 132, 152, 153, 154, 155, 156], "excluded_lines": [], "functions": {"_client_label": {"executed_lines": [], "summary": {"covered_lines": 0, "num_statements": 3, "percent_covered": 0.0, "percent_covered_display": "0", "missing_lines": 3, "excluded_lines": 0, "percent_statements_covered": 0.0, "percent_statements_covered_display": "0"}, "missing_lines": [36, 37, 38], "excluded_lines": [], "start_line": 35}, "post_test_chat": {"executed_lines": [48, 49], "summary": {"covered_lines": 2, "num_statements": 5, "percent_covered": 40.0, "percent_covered_display": "40", "missing_lines": 3, "excluded_lines": 0, "percent_statements_covered": 40.0, "percent_statements_covered_display": "40"}, "missing_lines": [52, 53, 54], "excluded_lines": [], "start_line": 42}, "list_ai_conversations": {"executed_lines": [], "summary": {"covered_lines": 0, "num_statements": 13, "percent_covered": 0.0, "percent_covered_display": "0", "missing_lines": 13, "excluded_lines": 0, "percent_statements_covered": 0.0, "percent_statements_covered_display": "0"}, "missing_lines": [65, 66, 67, 68, 69, 70, 71, 72, 73, 75, 76, 77, 90], "excluded_lines": [], "start_line": 58}, "get_ai_conversation": {"executed_lines": [], "summary": {"covered_lines": 0, "num_statements": 9, "percent_covered": 0.0, "percent_covered_display": "0", "missing_lines": 9, "excluded_lines": 0, "percent_statements_covered": 0.0, "percent_statements_covered_display": "0"}, "missing_lines": [104, 105, 106, 107, 108, 109, 110, 121, 132], "excluded_lines": [], "start_line": 99}, "flag_ai_message": {"executed_lines": [], "summary": {"covered_lines": 0, "num_statements": 5, "percent_covered": 0.0, "percent_covered_display": "0", "missing_lines": 5, "excluded_lines": 0, "percent_statements_covered": 0.0, "percent_statements_covered_display": "0"}, "missing_lines": [152, 153, 154, 155, 156], "excluded_lines": [], "start_line": 147}, "": {"executed_lines": [3, 5, 6, 8, 9, 10, 11, 13, 14, 15, 16, 17, 18, 19, 27, 28, 30, 32, 35, 41, 42, 57, 58, 98, 99, 146, 147], "summary": {"covered_lines": 27, "num_statements": 27, "percent_covered": 100.0, "percent_covered_display": "100", "missing_lines": 0, "excluded_lines": 0, "percent_statements_covered": 100.0, "percent_statements_covered_display": "100"}, "missing_lines": [], "excluded_lines": [], "start_line": 1}}, "classes": {"": {"executed_lines": [3, 5, 6, 8, 9, 10, 11, 13, 14, 15, 16, 17, 18, 19, 27, 28, 30, 32, 35, 41, 42, 48, 49, 57, 58, 98, 99, 146, 147], "summary": {"covered_lines": 29, "num_statements": 62, "percent_covered": 46.774193548387096, "percent_covered_display": "47", "missing_lines": 33, "excluded_lines": 0, "percent_statements_covered": 46.774193548387096, "percent_statements_covered_display": "47"}, "missing_lines": [36, 37, 38, 52, 53, 54, 65, 66, 67, 68, 69, 70, 71, 72, 73, 75, 76, 77, 90, 104, 105, 106, 107, 108, 109, 110, 121, 132, 152, 153, 154, 155, 156], "excluded_lines": [], "start_line": 1}}}, "app/api/v1/audit.py": {"executed_lines": [3, 5, 6, 7, 9, 10, 11, 13, 14, 15, 16, 17, 18, 20, 22, 25, 26], "summary": {"covered_lines": 17, "num_statements": 37, "percent_covered": 45.945945945945944, "percent_covered_display": "46", "missing_lines": 20, "excluded_lines": 0, "percent_statements_covered": 45.945945945945944, "percent_statements_covered_display": "46"}, "missing_lines": [36, 37, 38, 39, 40, 41, 42, 43, 44, 45, 46, 47, 48, 49, 50, 51, 52, 53, 54, 55], "excluded_lines": [], "functions": {"list_audit": {"executed_lines": [], "summary": {"covered_lines": 0, "num_statements": 20, "percent_covered": 0.0, "percent_covered_display": "0", "missing_lines": 20, "excluded_lines": 0, "percent_statements_covered": 0.0, "percent_statements_covered_display": "0"}, "missing_lines": [36, 37, 38, 39, 40, 41, 42, 43, 44, 45, 46, 47, 48, 49, 50, 51, 52, 53, 54, 55], "excluded_lines": [], "start_line": 26}, "": {"executed_lines": [3, 5, 6, 7, 9, 10, 11, 13, 14, 15, 16, 17, 18, 20, 22, 25, 26], "summary": {"covered_lines": 17, "num_statements": 17, "percent_covered": 100.0, "percent_covered_display": "100", "missing_lines": 0, "excluded_lines": 0, "percent_statements_covered": 100.0, "percent_statements_covered_display": "100"}, "missing_lines": [], "excluded_lines": [], "start_line": 1}}, "classes": {"": {"executed_lines": [3, 5, 6, 7, 9, 10, 11, 13, 14, 15, 16, 17, 18, 20, 22, 25, 26], "summary": {"covered_lines": 17, "num_statements": 37, "percent_covered": 45.945945945945944, "percent_covered_display": "46", "missing_lines": 20, "excluded_lines": 0, "percent_statements_covered": 45.945945945945944, "percent_statements_covered_display": "46"}, "missing_lines": [36, 37, 38, 39, 40, 41, 42, 43, 44, 45, 46, 47, 48, 49, 50, 51, 52, 53, 54, 55], "excluded_lines": [], "start_line": 1}}}, "app/api/v1/auth.py": {"executed_lines": [3, 5, 6, 8, 9, 11, 12, 14, 15, 16, 23, 24, 25, 26, 27, 35, 37, 40, 41, 42, 43, 44, 45, 49, 50, 51, 53, 56, 60, 61, 62, 118, 119, 120, 125, 126, 128, 129, 131, 136, 137, 142, 143, 144, 145, 147, 154, 155, 157, 165, 166, 173, 174, 178, 179, 180, 182, 189, 190, 191, 196, 197, 198, 199, 204, 206, 207, 208, 209, 216, 218, 219, 226, 227, 232, 233, 235, 242, 243, 244, 249, 250, 251, 257, 258, 267, 268, 271, 274, 279, 281], "summary": {"covered_lines": 91, "num_statements": 118, "percent_covered": 77.11864406779661, "percent_covered_display": "77", "missing_lines": 27, "excluded_lines": 0, "percent_statements_covered": 77.11864406779661, "percent_statements_covered_display": "77"}, "missing_lines": [46, 52, 57, 67, 68, 69, 70, 77, 78, 79, 83, 84, 85, 86, 95, 96, 97, 98, 99, 100, 101, 108, 109, 110, 111, 132, 252], "excluded_lines": [], "functions": {"_client_ip": {"executed_lines": [41, 42, 43, 44, 45], "summary": {"covered_lines": 5, "num_statements": 6, "percent_covered": 83.33333333333333, "percent_covered_display": "83", "missing_lines": 1, "excluded_lines": 0, "percent_statements_covered": 83.33333333333333, "percent_statements_covered_display": "83"}, "missing_lines": [46], "excluded_lines": [], "start_line": 40}, "_client_ua": {"executed_lines": [50, 51, 53], "summary": {"covered_lines": 3, "num_statements": 4, "percent_covered": 75.0, "percent_covered_display": "75", "missing_lines": 1, "excluded_lines": 0, "percent_statements_covered": 75.0, "percent_statements_covered_display": "75"}, "missing_lines": [52], "excluded_lines": [], "start_line": 49}, "_hash_invite_token": {"executed_lines": [], "summary": {"covered_lines": 0, "num_statements": 1, "percent_covered": 0.0, "percent_covered_display": "0", "missing_lines": 1, "excluded_lines": 0, "percent_statements_covered": 0.0, "percent_statements_covered_display": "0"}, "missing_lines": [57], "excluded_lines": [], "start_line": 56}, "accept_invite": {"executed_lines": [], "summary": {"covered_lines": 0, "num_statements": 22, "percent_covered": 0.0, "percent_covered_display": "0", "missing_lines": 22, "excluded_lines": 0, "percent_statements_covered": 0.0, "percent_statements_covered_display": "0"}, "missing_lines": [67, 68, 69, 70, 77, 78, 79, 83, 84, 85, 86, 95, 96, 97, 98, 99, 100, 101, 108, 109, 110, 111], "excluded_lines": [], "start_line": 62}, "login": {"executed_lines": [125, 126, 128, 129, 131, 136, 137, 142, 143, 144, 145, 147, 154, 155, 157, 165, 166], "summary": {"covered_lines": 17, "num_statements": 18, "percent_covered": 94.44444444444444, "percent_covered_display": "94", "missing_lines": 1, "excluded_lines": 0, "percent_statements_covered": 94.44444444444444, "percent_statements_covered_display": "94"}, "missing_lines": [132], "excluded_lines": [], "start_line": 120}, "refresh_tokens": {"executed_lines": [178, 179, 180, 182, 189, 190, 191, 196, 197, 198, 199, 204, 206, 207, 208, 209, 216, 218, 219], "summary": {"covered_lines": 19, "num_statements": 19, "percent_covered": 100.0, "percent_covered_display": "100", "missing_lines": 0, "excluded_lines": 0, "percent_statements_covered": 100.0, "percent_statements_covered_display": "100"}, "missing_lines": [], "excluded_lines": [], "start_line": 174}, "logout": {"executed_lines": [232, 233, 235, 242, 243, 244, 249, 250, 251, 257, 258], "summary": {"covered_lines": 11, "num_statements": 12, "percent_covered": 91.66666666666667, "percent_covered_display": "92", "missing_lines": 1, "excluded_lines": 0, "percent_statements_covered": 91.66666666666667, "percent_statements_covered_display": "92"}, "missing_lines": [252], "excluded_lines": [], "start_line": 227}, "read_me": {"executed_lines": [271], "summary": {"covered_lines": 1, "num_statements": 1, "percent_covered": 100.0, "percent_covered_display": "100", "missing_lines": 0, "excluded_lines": 0, "percent_statements_covered": 100.0, "percent_statements_covered_display": "100"}, "missing_lines": [], "excluded_lines": [], "start_line": 268}, "rbac_admins_probe": {"executed_lines": [281], "summary": {"covered_lines": 1, "num_statements": 1, "percent_covered": 100.0, "percent_covered_display": "100", "missing_lines": 0, "excluded_lines": 0, "percent_statements_covered": 100.0, "percent_statements_covered_display": "100"}, "missing_lines": [], "excluded_lines": [], "start_line": 279}, "": {"executed_lines": [3, 5, 6, 8, 9, 11, 12, 14, 15, 16, 23, 24, 25, 26, 27, 35, 37, 40, 49, 56, 60, 61, 62, 118, 119, 120, 173, 174, 226, 227, 267, 268, 274, 279], "summary": {"covered_lines": 34, "num_statements": 34, "percent_covered": 100.0, "percent_covered_display": "100", "missing_lines": 0, "excluded_lines": 0, "percent_statements_covered": 100.0, "percent_statements_covered_display": "100"}, "missing_lines": [], "excluded_lines": [], "start_line": 1}}, "classes": {"": {"executed_lines": [3, 5, 6, 8, 9, 11, 12, 14, 15, 16, 23, 24, 25, 26, 27, 35, 37, 40, 41, 42, 43, 44, 45, 49, 50, 51, 53, 56, 60, 61, 62, 118, 119, 120, 125, 126, 128, 129, 131, 136, 137, 142, 143, 144, 145, 147, 154, 155, 157, 165, 166, 173, 174, 178, 179, 180, 182, 189, 190, 191, 196, 197, 198, 199, 204, 206, 207, 208, 209, 216, 218, 219, 226, 227, 232, 233, 235, 242, 243, 244, 249, 250, 251, 257, 258, 267, 268, 271, 274, 279, 281], "summary": {"covered_lines": 91, "num_statements": 118, "percent_covered": 77.11864406779661, "percent_covered_display": "77", "missing_lines": 27, "excluded_lines": 0, "percent_statements_covered": 77.11864406779661, "percent_statements_covered_display": "77"}, "missing_lines": [46, 52, 57, 67, 68, 69, 70, 77, 78, 79, 83, 84, 85, 86, 95, 96, 97, 98, 99, 100, 101, 108, 109, 110, 111, 132, 252], "excluded_lines": [], "start_line": 1}}}, "app/api/v1/blacklist.py": {"executed_lines": [3, 5, 6, 8, 9, 10, 12, 14, 15, 16, 17, 18, 19, 20, 21, 23, 25, 28, 29, 30, 31, 34, 35, 41, 42, 43, 44, 51, 52, 53, 54, 66, 69, 70, 75, 76, 78, 79, 81, 87, 88, 89, 101, 102, 128, 129, 134, 135, 137], "summary": {"covered_lines": 49, "num_statements": 61, "percent_covered": 80.32786885245902, "percent_covered_display": "80", "missing_lines": 12, "excluded_lines": 0, "percent_statements_covered": 80.32786885245902, "percent_statements_covered_display": "80"}, "missing_lines": [77, 80, 108, 109, 110, 111, 112, 113, 114, 115, 116, 136], "excluded_lines": [], "functions": {"_name": {"executed_lines": [29, 30, 31], "summary": {"covered_lines": 3, "num_statements": 3, "percent_covered": 100.0, "percent_covered_display": "100", "missing_lines": 0, "excluded_lines": 0, "percent_statements_covered": 100.0, "percent_statements_covered_display": "100"}, "missing_lines": [], "excluded_lines": [], "start_line": 28}, "list_blacklist": {"executed_lines": [41, 42, 43, 44, 51, 52, 53, 54, 66], "summary": {"covered_lines": 9, "num_statements": 9, "percent_covered": 100.0, "percent_covered_display": "100", "missing_lines": 0, "excluded_lines": 0, "percent_statements_covered": 100.0, "percent_statements_covered_display": "100"}, "missing_lines": [], "excluded_lines": [], "start_line": 35}, "add_blacklist": {"executed_lines": [75, 76, 78, 79, 81, 87, 88, 89], "summary": {"covered_lines": 8, "num_statements": 10, "percent_covered": 80.0, "percent_covered_display": "80", "missing_lines": 2, "excluded_lines": 0, "percent_statements_covered": 80.0, "percent_statements_covered_display": "80"}, "missing_lines": [77, 80], "excluded_lines": [], "start_line": 70}, "patch_blacklist": {"executed_lines": [], "summary": {"covered_lines": 0, "num_statements": 9, "percent_covered": 0.0, "percent_covered_display": "0", "missing_lines": 9, "excluded_lines": 0, "percent_statements_covered": 0.0, "percent_statements_covered_display": "0"}, "missing_lines": [108, 109, 110, 111, 112, 113, 114, 115, 116], "excluded_lines": [], "start_line": 102}, "delete_blacklist": {"executed_lines": [134, 135, 137], "summary": {"covered_lines": 3, "num_statements": 4, "percent_covered": 75.0, "percent_covered_display": "75", "missing_lines": 1, "excluded_lines": 0, "percent_statements_covered": 75.0, "percent_statements_covered_display": "75"}, "missing_lines": [136], "excluded_lines": [], "start_line": 129}, "": {"executed_lines": [3, 5, 6, 8, 9, 10, 12, 14, 15, 16, 17, 18, 19, 20, 21, 23, 25, 28, 34, 35, 69, 70, 101, 102, 128, 129], "summary": {"covered_lines": 26, "num_statements": 26, "percent_covered": 100.0, "percent_covered_display": "100", "missing_lines": 0, "excluded_lines": 0, "percent_statements_covered": 100.0, "percent_statements_covered_display": "100"}, "missing_lines": [], "excluded_lines": [], "start_line": 1}}, "classes": {"": {"executed_lines": [3, 5, 6, 8, 9, 10, 12, 14, 15, 16, 17, 18, 19, 20, 21, 23, 25, 28, 29, 30, 31, 34, 35, 41, 42, 43, 44, 51, 52, 53, 54, 66, 69, 70, 75, 76, 78, 79, 81, 87, 88, 89, 101, 102, 128, 129, 134, 135, 137], "summary": {"covered_lines": 49, "num_statements": 61, "percent_covered": 80.32786885245902, "percent_covered_display": "80", "missing_lines": 12, "excluded_lines": 0, "percent_statements_covered": 80.32786885245902, "percent_statements_covered_display": "80"}, "missing_lines": [77, 80, 108, 109, 110, 111, 112, 113, 114, 115, 116, 136], "excluded_lines": [], "start_line": 1}}}, "app/api/v1/bookings.py": {"executed_lines": [3, 5, 6, 8, 9, 11, 12, 13, 14, 21, 22, 24, 26, 29, 30, 37, 38, 46, 47, 59, 60, 70, 71, 80, 81, 90, 91, 100, 101, 106, 107, 110, 111, 121, 122], "summary": {"covered_lines": 35, "num_statements": 48, "percent_covered": 72.91666666666667, "percent_covered_display": "73", "missing_lines": 13, "excluded_lines": 0, "percent_statements_covered": 72.91666666666667, "percent_statements_covered_display": "73"}, "missing_lines": [53, 56, 66, 67, 76, 77, 86, 87, 96, 97, 117, 118, 127], "excluded_lines": [], "functions": {"list_bookings": {"executed_lines": [37, 38], "summary": {"covered_lines": 2, "num_statements": 2, "percent_covered": 100.0, "percent_covered_display": "100", "missing_lines": 0, "excluded_lines": 0, "percent_statements_covered": 100.0, "percent_statements_covered_display": "100"}, "missing_lines": [], "excluded_lines": [], "start_line": 30}, "cancel_booking": {"executed_lines": [], "summary": {"covered_lines": 0, "num_statements": 2, "percent_covered": 0.0, "percent_covered_display": "0", "missing_lines": 2, "excluded_lines": 0, "percent_statements_covered": 0.0, "percent_statements_covered_display": "0"}, "missing_lines": [53, 56], "excluded_lines": [], "start_line": 47}, "reschedule_booking": {"executed_lines": [], "summary": {"covered_lines": 0, "num_statements": 2, "percent_covered": 0.0, "percent_covered_display": "0", "missing_lines": 2, "excluded_lines": 0, "percent_statements_covered": 0.0, "percent_statements_covered_display": "0"}, "missing_lines": [66, 67], "excluded_lines": [], "start_line": 60}, "complete_booking": {"executed_lines": [], "summary": {"covered_lines": 0, "num_statements": 2, "percent_covered": 0.0, "percent_covered_display": "0", "missing_lines": 2, "excluded_lines": 0, "percent_statements_covered": 0.0, "percent_statements_covered_display": "0"}, "missing_lines": [76, 77], "excluded_lines": [], "start_line": 71}, "no_show_booking": {"executed_lines": [], "summary": {"covered_lines": 0, "num_statements": 2, "percent_covered": 0.0, "percent_covered_display": "0", "missing_lines": 2, "excluded_lines": 0, "percent_statements_covered": 0.0, "percent_statements_covered_display": "0"}, "missing_lines": [86, 87], "excluded_lines": [], "start_line": 81}, "get_booking": {"executed_lines": [], "summary": {"covered_lines": 0, "num_statements": 2, "percent_covered": 0.0, "percent_covered_display": "0", "missing_lines": 2, "excluded_lines": 0, "percent_statements_covered": 0.0, "percent_statements_covered_display": "0"}, "missing_lines": [96, 97], "excluded_lines": [], "start_line": 91}, "create_booking": {"executed_lines": [106, 107], "summary": {"covered_lines": 2, "num_statements": 2, "percent_covered": 100.0, "percent_covered_display": "100", "missing_lines": 0, "excluded_lines": 0, "percent_statements_covered": 100.0, "percent_statements_covered_display": "100"}, "missing_lines": [], "excluded_lines": [], "start_line": 101}, "update_booking": {"executed_lines": [], "summary": {"covered_lines": 0, "num_statements": 2, "percent_covered": 0.0, "percent_covered_display": "0", "missing_lines": 2, "excluded_lines": 0, "percent_statements_covered": 0.0, "percent_statements_covered_display": "0"}, "missing_lines": [117, 118], "excluded_lines": [], "start_line": 111}, "delete_booking": {"executed_lines": [], "summary": {"covered_lines": 0, "num_statements": 1, "percent_covered": 0.0, "percent_covered_display": "0", "missing_lines": 1, "excluded_lines": 0, "percent_statements_covered": 0.0, "percent_statements_covered_display": "0"}, "missing_lines": [127], "excluded_lines": [], "start_line": 122}, "": {"executed_lines": [3, 5, 6, 8, 9, 11, 12, 13, 14, 21, 22, 24, 26, 29, 30, 46, 47, 59, 60, 70, 71, 80, 81, 90, 91, 100, 101, 110, 111, 121, 122], "summary": {"covered_lines": 31, "num_statements": 31, "percent_covered": 100.0, "percent_covered_display": "100", "missing_lines": 0, "excluded_lines": 0, "percent_statements_covered": 100.0, "percent_statements_covered_display": "100"}, "missing_lines": [], "excluded_lines": [], "start_line": 1}}, "classes": {"": {"executed_lines": [3, 5, 6, 8, 9, 11, 12, 13, 14, 21, 22, 24, 26, 29, 30, 37, 38, 46, 47, 59, 60, 70, 71, 80, 81, 90, 91, 100, 101, 106, 107, 110, 111, 121, 122], "summary": {"covered_lines": 35, "num_statements": 48, "percent_covered": 72.91666666666667, "percent_covered_display": "73", "missing_lines": 13, "excluded_lines": 0, "percent_statements_covered": 72.91666666666667, "percent_statements_covered_display": "73"}, "missing_lines": [53, 56, 66, 67, 76, 77, 86, 87, 96, 97, 117, 118, 127], "excluded_lines": [], "start_line": 1}}}, "app/api/v1/broadcasts.py": {"executed_lines": [3, 5, 6, 8, 9, 11, 12, 13, 14, 15, 21, 22, 24, 26, 29, 30, 48, 49, 64, 65, 70, 71, 74, 77, 78, 83, 85, 86, 89, 92, 93, 99, 101, 102, 109, 112, 113, 118, 120, 121, 128, 129, 135, 141, 142, 151], "summary": {"covered_lines": 46, "num_statements": 70, "percent_covered": 65.71428571428571, "percent_covered_display": "66", "missing_lines": 24, "excluded_lines": 0, "percent_statements_covered": 65.71428571428571, "percent_statements_covered_display": "66"}, "missing_lines": [55, 56, 72, 73, 87, 88, 103, 104, 105, 106, 107, 108, 122, 123, 124, 125, 143, 144, 145, 146, 147, 148, 149, 150], "excluded_lines": [], "functions": {"_to_out": {"executed_lines": [30], "summary": {"covered_lines": 1, "num_statements": 1, "percent_covered": 100.0, "percent_covered_display": "100", "missing_lines": 0, "excluded_lines": 0, "percent_statements_covered": 100.0, "percent_statements_covered_display": "100"}, "missing_lines": [], "excluded_lines": [], "start_line": 29}, "list_broadcasts": {"executed_lines": [], "summary": {"covered_lines": 0, "num_statements": 2, "percent_covered": 0.0, "percent_covered_display": "0", "missing_lines": 2, "excluded_lines": 0, "percent_statements_covered": 0.0, "percent_statements_covered_display": "0"}, "missing_lines": [55, 56], "excluded_lines": [], "start_line": 49}, "create_broadcast": {"executed_lines": [70, 71, 74], "summary": {"covered_lines": 3, "num_statements": 5, "percent_covered": 60.0, "percent_covered_display": "60", "missing_lines": 2, "excluded_lines": 0, "percent_statements_covered": 60.0, "percent_statements_covered_display": "60"}, "missing_lines": [72, 73], "excluded_lines": [], "start_line": 65}, "get_broadcast": {"executed_lines": [83, 85, 86, 89], "summary": {"covered_lines": 4, "num_statements": 6, "percent_covered": 66.66666666666667, "percent_covered_display": "67", "missing_lines": 2, "excluded_lines": 0, "percent_statements_covered": 66.66666666666667, "percent_statements_covered_display": "67"}, "missing_lines": [87, 88], "excluded_lines": [], "start_line": 78}, "update_broadcast": {"executed_lines": [99, 101, 102, 109], "summary": {"covered_lines": 4, "num_statements": 10, "percent_covered": 40.0, "percent_covered_display": "40", "missing_lines": 6, "excluded_lines": 0, "percent_statements_covered": 40.0, "percent_statements_covered_display": "40"}, "missing_lines": [103, 104, 105, 106, 107, 108], "excluded_lines": [], "start_line": 93}, "delete_broadcast": {"executed_lines": [118, 120, 121], "summary": {"covered_lines": 3, "num_statements": 7, "percent_covered": 42.857142857142854, "percent_covered_display": "43", "missing_lines": 4, "excluded_lines": 0, "percent_statements_covered": 42.857142857142854, "percent_statements_covered_display": "43"}, "missing_lines": [122, 123, 124, 125], "excluded_lines": [], "start_line": 113}, "send_broadcast": {"executed_lines": [135, 141, 142, 151], "summary": {"covered_lines": 4, "num_statements": 12, "percent_covered": 33.333333333333336, "percent_covered_display": "33", "missing_lines": 8, "excluded_lines": 0, "percent_statements_covered": 33.333333333333336, "percent_statements_covered_display": "33"}, "missing_lines": [143, 144, 145, 146, 147, 148, 149, 150], "excluded_lines": [], "start_line": 129}, "": {"executed_lines": [3, 5, 6, 8, 9, 11, 12, 13, 14, 15, 21, 22, 24, 26, 29, 48, 49, 64, 65, 77, 78, 92, 93, 112, 113, 128, 129], "summary": {"covered_lines": 27, "num_statements": 27, "percent_covered": 100.0, "percent_covered_display": "100", "missing_lines": 0, "excluded_lines": 0, "percent_statements_covered": 100.0, "percent_statements_covered_display": "100"}, "missing_lines": [], "excluded_lines": [], "start_line": 1}}, "classes": {"": {"executed_lines": [3, 5, 6, 8, 9, 11, 12, 13, 14, 15, 21, 22, 24, 26, 29, 30, 48, 49, 64, 65, 70, 71, 74, 77, 78, 83, 85, 86, 89, 92, 93, 99, 101, 102, 109, 112, 113, 118, 120, 121, 128, 129, 135, 141, 142, 151], "summary": {"covered_lines": 46, "num_statements": 70, "percent_covered": 65.71428571428571, "percent_covered_display": "66", "missing_lines": 24, "excluded_lines": 0, "percent_statements_covered": 65.71428571428571, "percent_statements_covered_display": "66"}, "missing_lines": [55, 56, 72, 73, 87, 88, 103, 104, 105, 106, 107, 108, 122, 123, 124, 125, 143, 144, 145, 146, 147, 148, 149, 150], "excluded_lines": [], "start_line": 1}}}, "app/api/v1/clients.py": {"executed_lines": [3, 5, 6, 7, 9, 10, 12, 13, 14, 15, 16, 17, 18, 19, 20, 22, 24, 27, 28, 49, 50, 57, 58, 59, 62, 63, 72, 73, 82, 83, 94, 95, 103, 104, 112, 113, 122, 123, 133, 134, 143, 144], "summary": {"covered_lines": 42, "num_statements": 55, "percent_covered": 76.36363636363636, "percent_covered_display": "76", "missing_lines": 13, "excluded_lines": 0, "percent_statements_covered": 76.36363636363636, "percent_statements_covered_display": "76"}, "missing_lines": [68, 69, 78, 79, 89, 90, 91, 100, 109, 119, 130, 140, 151], "excluded_lines": [], "functions": {"_to_out": {"executed_lines": [28], "summary": {"covered_lines": 1, "num_statements": 1, "percent_covered": 100.0, "percent_covered_display": "100", "missing_lines": 0, "excluded_lines": 0, "percent_statements_covered": 100.0, "percent_statements_covered_display": "100"}, "missing_lines": [], "excluded_lines": [], "start_line": 27}, "list_clients": {"executed_lines": [57, 58, 59], "summary": {"covered_lines": 3, "num_statements": 3, "percent_covered": 100.0, "percent_covered_display": "100", "missing_lines": 0, "excluded_lines": 0, "percent_statements_covered": 100.0, "percent_statements_covered_display": "100"}, "missing_lines": [], "excluded_lines": [], "start_line": 50}, "get_client": {"executed_lines": [], "summary": {"covered_lines": 0, "num_statements": 2, "percent_covered": 0.0, "percent_covered_display": "0", "missing_lines": 2, "excluded_lines": 0, "percent_statements_covered": 0.0, "percent_statements_covered_display": "0"}, "missing_lines": [68, 69], "excluded_lines": [], "start_line": 63}, "create_client": {"executed_lines": [], "summary": {"covered_lines": 0, "num_statements": 2, "percent_covered": 0.0, "percent_covered_display": "0", "missing_lines": 2, "excluded_lines": 0, "percent_statements_covered": 0.0, "percent_statements_covered_display": "0"}, "missing_lines": [78, 79], "excluded_lines": [], "start_line": 73}, "update_client": {"executed_lines": [], "summary": {"covered_lines": 0, "num_statements": 3, "percent_covered": 0.0, "percent_covered_display": "0", "missing_lines": 3, "excluded_lines": 0, "percent_statements_covered": 0.0, "percent_statements_covered_display": "0"}, "missing_lines": [89, 90, 91], "excluded_lines": [], "start_line": 83}, "delete_client": {"executed_lines": [], "summary": {"covered_lines": 0, "num_statements": 1, "percent_covered": 0.0, "percent_covered_display": "0", "missing_lines": 1, "excluded_lines": 0, "percent_statements_covered": 0.0, "percent_statements_covered_display": "0"}, "missing_lines": [100], "excluded_lines": [], "start_line": 95}, "list_client_notes": {"executed_lines": [], "summary": {"covered_lines": 0, "num_statements": 1, "percent_covered": 0.0, "percent_covered_display": "0", "missing_lines": 1, "excluded_lines": 0, "percent_statements_covered": 0.0, "percent_statements_covered_display": "0"}, "missing_lines": [109], "excluded_lines": [], "start_line": 104}, "create_client_note": {"executed_lines": [], "summary": {"covered_lines": 0, "num_statements": 1, "percent_covered": 0.0, "percent_covered_display": "0", "missing_lines": 1, "excluded_lines": 0, "percent_statements_covered": 0.0, "percent_statements_covered_display": "0"}, "missing_lines": [119], "excluded_lines": [], "start_line": 113}, "update_client_note": {"executed_lines": [], "summary": {"covered_lines": 0, "num_statements": 1, "percent_covered": 0.0, "percent_covered_display": "0", "missing_lines": 1, "excluded_lines": 0, "percent_statements_covered": 0.0, "percent_statements_covered_display": "0"}, "missing_lines": [130], "excluded_lines": [], "start_line": 123}, "delete_client_note": {"executed_lines": [], "summary": {"covered_lines": 0, "num_statements": 1, "percent_covered": 0.0, "percent_covered_display": "0", "missing_lines": 1, "excluded_lines": 0, "percent_statements_covered": 0.0, "percent_statements_covered_display": "0"}, "missing_lines": [140], "excluded_lines": [], "start_line": 134}, "pin_client_note": {"executed_lines": [], "summary": {"covered_lines": 0, "num_statements": 1, "percent_covered": 0.0, "percent_covered_display": "0", "missing_lines": 1, "excluded_lines": 0, "percent_statements_covered": 0.0, "percent_statements_covered_display": "0"}, "missing_lines": [151], "excluded_lines": [], "start_line": 144}, "": {"executed_lines": [3, 5, 6, 7, 9, 10, 12, 13, 14, 15, 16, 17, 18, 19, 20, 22, 24, 27, 49, 50, 62, 63, 72, 73, 82, 83, 94, 95, 103, 104, 112, 113, 122, 123, 133, 134, 143, 144], "summary": {"covered_lines": 38, "num_statements": 38, "percent_covered": 100.0, "percent_covered_display": "100", "missing_lines": 0, "excluded_lines": 0, "percent_statements_covered": 100.0, "percent_statements_covered_display": "100"}, "missing_lines": [], "excluded_lines": [], "start_line": 1}}, "classes": {"": {"executed_lines": [3, 5, 6, 7, 9, 10, 12, 13, 14, 15, 16, 17, 18, 19, 20, 22, 24, 27, 28, 49, 50, 57, 58, 59, 62, 63, 72, 73, 82, 83, 94, 95, 103, 104, 112, 113, 122, 123, 133, 134, 143, 144], "summary": {"covered_lines": 42, "num_statements": 55, "percent_covered": 76.36363636363636, "percent_covered_display": "76", "missing_lines": 13, "excluded_lines": 0, "percent_statements_covered": 76.36363636363636, "percent_statements_covered_display": "76"}, "missing_lines": [68, 69, 78, 79, 89, 90, 91, 100, 109, 119, 130, 140, 151], "excluded_lines": [], "start_line": 1}}}, "app/api/v1/knowledge.py": {"executed_lines": [3, 5, 6, 8, 9, 11, 12, 13, 14, 15, 16, 17, 18, 20, 22, 25, 26, 40, 41, 52, 53, 84, 85, 101, 102, 116, 117], "summary": {"covered_lines": 27, "num_statements": 61, "percent_covered": 44.26229508196721, "percent_covered_display": "44", "missing_lines": 34, "excluded_lines": 0, "percent_statements_covered": 44.26229508196721, "percent_statements_covered_display": "44"}, "missing_lines": [32, 33, 34, 35, 36, 37, 46, 47, 48, 49, 59, 60, 61, 63, 64, 65, 66, 67, 69, 70, 71, 79, 90, 98, 108, 109, 110, 111, 112, 113, 122, 123, 124, 125], "excluded_lines": [], "functions": {"list_kb_documents": {"executed_lines": [], "summary": {"covered_lines": 0, "num_statements": 6, "percent_covered": 0.0, "percent_covered_display": "0", "missing_lines": 6, "excluded_lines": 0, "percent_statements_covered": 0.0, "percent_statements_covered_display": "0"}, "missing_lines": [32, 33, 34, 35, 36, 37], "excluded_lines": [], "start_line": 26}, "get_kb_document": {"executed_lines": [], "summary": {"covered_lines": 0, "num_statements": 4, "percent_covered": 0.0, "percent_covered_display": "0", "missing_lines": 4, "excluded_lines": 0, "percent_statements_covered": 0.0, "percent_statements_covered_display": "0"}, "missing_lines": [46, 47, 48, 49], "excluded_lines": [], "start_line": 41}, "upload_kb_document": {"executed_lines": [], "summary": {"covered_lines": 0, "num_statements": 12, "percent_covered": 0.0, "percent_covered_display": "0", "missing_lines": 12, "excluded_lines": 0, "percent_statements_covered": 0.0, "percent_statements_covered_display": "0"}, "missing_lines": [59, 60, 61, 63, 64, 65, 66, 67, 69, 70, 71, 79], "excluded_lines": [], "start_line": 53}, "create_kb_document": {"executed_lines": [], "summary": {"covered_lines": 0, "num_statements": 2, "percent_covered": 0.0, "percent_covered_display": "0", "missing_lines": 2, "excluded_lines": 0, "percent_statements_covered": 0.0, "percent_statements_covered_display": "0"}, "missing_lines": [90, 98], "excluded_lines": [], "start_line": 85}, "update_kb_document": {"executed_lines": [], "summary": {"covered_lines": 0, "num_statements": 6, "percent_covered": 0.0, "percent_covered_display": "0", "missing_lines": 6, "excluded_lines": 0, "percent_statements_covered": 0.0, "percent_statements_covered_display": "0"}, "missing_lines": [108, 109, 110, 111, 112, 113], "excluded_lines": [], "start_line": 102}, "delete_kb_document": {"executed_lines": [], "summary": {"covered_lines": 0, "num_statements": 4, "percent_covered": 0.0, "percent_covered_display": "0", "missing_lines": 4, "excluded_lines": 0, "percent_statements_covered": 0.0, "percent_statements_covered_display": "0"}, "missing_lines": [122, 123, 124, 125], "excluded_lines": [], "start_line": 117}, "": {"executed_lines": [3, 5, 6, 8, 9, 11, 12, 13, 14, 15, 16, 17, 18, 20, 22, 25, 26, 40, 41, 52, 53, 84, 85, 101, 102, 116, 117], "summary": {"covered_lines": 27, "num_statements": 27, "percent_covered": 100.0, "percent_covered_display": "100", "missing_lines": 0, "excluded_lines": 0, "percent_statements_covered": 100.0, "percent_statements_covered_display": "100"}, "missing_lines": [], "excluded_lines": [], "start_line": 1}}, "classes": {"": {"executed_lines": [3, 5, 6, 8, 9, 11, 12, 13, 14, 15, 16, 17, 18, 20, 22, 25, 26, 40, 41, 52, 53, 84, 85, 101, 102, 116, 117], "summary": {"covered_lines": 27, "num_statements": 61, "percent_covered": 44.26229508196721, "percent_covered_display": "44", "missing_lines": 34, "excluded_lines": 0, "percent_statements_covered": 44.26229508196721, "percent_statements_covered_display": "44"}, "missing_lines": [32, 33, 34, 35, 36, 37, 46, 47, 48, 49, 59, 60, 61, 63, 64, 65, 66, 67, 69, 70, 71, 79, 90, 98, 108, 109, 110, 111, 112, 113, 122, 123, 124, 125], "excluded_lines": [], "start_line": 1}}}, "app/api/v1/masters.py": {"executed_lines": [3, 5, 6, 8, 9, 11, 12, 13, 14, 15, 16, 18, 20, 21, 24, 25, 41, 42, 51, 52, 61, 62, 72, 73], "summary": {"covered_lines": 24, "num_statements": 33, "percent_covered": 72.72727272727273, "percent_covered_display": "73", "missing_lines": 9, "excluded_lines": 0, "percent_statements_covered": 72.72727272727273, "percent_statements_covered_display": "73"}, "missing_lines": [32, 33, 47, 48, 57, 58, 68, 69, 78], "excluded_lines": [], "functions": {"list_masters": {"executed_lines": [], "summary": {"covered_lines": 0, "num_statements": 2, "percent_covered": 0.0, "percent_covered_display": "0", "missing_lines": 2, "excluded_lines": 0, "percent_statements_covered": 0.0, "percent_statements_covered_display": "0"}, "missing_lines": [32, 33], "excluded_lines": [], "start_line": 25}, "get_master": {"executed_lines": [], "summary": {"covered_lines": 0, "num_statements": 2, "percent_covered": 0.0, "percent_covered_display": "0", "missing_lines": 2, "excluded_lines": 0, "percent_statements_covered": 0.0, "percent_statements_covered_display": "0"}, "missing_lines": [47, 48], "excluded_lines": [], "start_line": 42}, "create_master": {"executed_lines": [], "summary": {"covered_lines": 0, "num_statements": 2, "percent_covered": 0.0, "percent_covered_display": "0", "missing_lines": 2, "excluded_lines": 0, "percent_statements_covered": 0.0, "percent_statements_covered_display": "0"}, "missing_lines": [57, 58], "excluded_lines": [], "start_line": 52}, "update_master": {"executed_lines": [], "summary": {"covered_lines": 0, "num_statements": 2, "percent_covered": 0.0, "percent_covered_display": "0", "missing_lines": 2, "excluded_lines": 0, "percent_statements_covered": 0.0, "percent_statements_covered_display": "0"}, "missing_lines": [68, 69], "excluded_lines": [], "start_line": 62}, "delete_master": {"executed_lines": [], "summary": {"covered_lines": 0, "num_statements": 1, "percent_covered": 0.0, "percent_covered_display": "0", "missing_lines": 1, "excluded_lines": 0, "percent_statements_covered": 0.0, "percent_statements_covered_display": "0"}, "missing_lines": [78], "excluded_lines": [], "start_line": 73}, "": {"executed_lines": [3, 5, 6, 8, 9, 11, 12, 13, 14, 15, 16, 18, 20, 21, 24, 25, 41, 42, 51, 52, 61, 62, 72, 73], "summary": {"covered_lines": 24, "num_statements": 24, "percent_covered": 100.0, "percent_covered_display": "100", "missing_lines": 0, "excluded_lines": 0, "percent_statements_covered": 100.0, "percent_statements_covered_display": "100"}, "missing_lines": [], "excluded_lines": [], "start_line": 1}}, "classes": {"": {"executed_lines": [3, 5, 6, 8, 9, 11, 12, 13, 14, 15, 16, 18, 20, 21, 24, 25, 41, 42, 51, 52, 61, 62, 72, 73], "summary": {"covered_lines": 24, "num_statements": 33, "percent_covered": 72.72727272727273, "percent_covered_display": "73", "missing_lines": 9, "excluded_lines": 0, "percent_statements_covered": 72.72727272727273, "percent_statements_covered_display": "73"}, "missing_lines": [32, 33, 47, 48, 57, 58, 68, 69, 78], "excluded_lines": [], "start_line": 1}}}, "app/api/v1/mini_app.py": {"executed_lines": [3, 5, 6, 7, 8, 10, 11, 12, 13, 15, 16, 17, 18, 19, 20, 28, 29, 31, 37, 39, 42, 48, 49, 50, 51, 53, 56, 59, 61, 62, 64, 67, 72, 73, 74, 101, 107, 108, 112, 122, 123, 130, 131, 147, 150, 151, 155, 163, 177, 178, 199, 200], "summary": {"covered_lines": 52, "num_statements": 93, "percent_covered": 55.913978494623656, "percent_covered_display": "56", "missing_lines": 41, "excluded_lines": 0, "percent_statements_covered": 55.913978494623656, "percent_statements_covered_display": "56"}, "missing_lines": [76, 77, 79, 80, 81, 83, 85, 86, 87, 88, 89, 90, 92, 132, 133, 134, 185, 186, 188, 189, 190, 191, 192, 193, 195, 196, 206, 207, 209, 213, 214, 219, 220, 222, 224, 225, 232, 233, 234, 235, 237], "excluded_lines": [], "functions": {"_parse_init_data": {"executed_lines": [39], "summary": {"covered_lines": 1, "num_statements": 1, "percent_covered": 100.0, "percent_covered_display": "100", "missing_lines": 0, "excluded_lines": 0, "percent_statements_covered": 100.0, "percent_statements_covered_display": "100"}, "missing_lines": [], "excluded_lines": [], "start_line": 37}, "validate_init_data": {"executed_lines": [48, 49, 50, 51, 53, 56, 59, 61, 62, 64], "summary": {"covered_lines": 10, "num_statements": 10, "percent_covered": 100.0, "percent_covered_display": "100", "missing_lines": 0, "excluded_lines": 0, "percent_statements_covered": 100.0, "percent_statements_covered_display": "100"}, "missing_lines": [], "excluded_lines": [], "start_line": 42}, "get_mini_app_user": {"executed_lines": [72, 73, 74], "summary": {"covered_lines": 3, "num_statements": 16, "percent_covered": 18.75, "percent_covered_display": "19", "missing_lines": 13, "excluded_lines": 0, "percent_statements_covered": 18.75, "percent_statements_covered_display": "19"}, "missing_lines": [76, 77, 79, 80, 81, 83, 85, 86, 87, 88, 89, 90, 92], "excluded_lines": [], "start_line": 67}, "list_services": {"executed_lines": [112, 122, 123, 130, 131, 147], "summary": {"covered_lines": 6, "num_statements": 9, "percent_covered": 66.66666666666667, "percent_covered_display": "67", "missing_lines": 3, "excluded_lines": 0, "percent_statements_covered": 66.66666666666667, "percent_statements_covered_display": "67"}, "missing_lines": [132, 133, 134], "excluded_lines": [], "start_line": 108}, "list_masters": {"executed_lines": [155, 163], "summary": {"covered_lines": 2, "num_statements": 2, "percent_covered": 100.0, "percent_covered_display": "100", "missing_lines": 0, "excluded_lines": 0, "percent_statements_covered": 100.0, "percent_statements_covered_display": "100"}, "missing_lines": [], "excluded_lines": [], "start_line": 151}, "get_slots": {"executed_lines": [], "summary": {"covered_lines": 0, "num_statements": 10, "percent_covered": 0.0, "percent_covered_display": "0", "missing_lines": 10, "excluded_lines": 0, "percent_statements_covered": 0.0, "percent_statements_covered_display": "0"}, "missing_lines": [185, 186, 188, 189, 190, 191, 192, 193, 195, 196], "excluded_lines": [], "start_line": 178}, "create_booking": {"executed_lines": [], "summary": {"covered_lines": 0, "num_statements": 15, "percent_covered": 0.0, "percent_covered_display": "0", "missing_lines": 15, "excluded_lines": 0, "percent_statements_covered": 0.0, "percent_statements_covered_display": "0"}, "missing_lines": [206, 207, 209, 213, 214, 219, 220, 222, 224, 225, 232, 233, 234, 235, 237], "excluded_lines": [], "start_line": 200}, "": {"executed_lines": [3, 5, 6, 7, 8, 10, 11, 12, 13, 15, 16, 17, 18, 19, 20, 28, 29, 31, 37, 42, 67, 101, 107, 108, 150, 151, 177, 178, 199, 200], "summary": {"covered_lines": 30, "num_statements": 30, "percent_covered": 100.0, "percent_covered_display": "100", "missing_lines": 0, "excluded_lines": 0, "percent_statements_covered": 100.0, "percent_statements_covered_display": "100"}, "missing_lines": [], "excluded_lines": [], "start_line": 1}}, "classes": {"": {"executed_lines": [3, 5, 6, 7, 8, 10, 11, 12, 13, 15, 16, 17, 18, 19, 20, 28, 29, 31, 37, 39, 42, 48, 49, 50, 51, 53, 56, 59, 61, 62, 64, 67, 72, 73, 74, 101, 107, 108, 112, 122, 123, 130, 131, 147, 150, 151, 155, 163, 177, 178, 199, 200], "summary": {"covered_lines": 52, "num_statements": 93, "percent_covered": 55.913978494623656, "percent_covered_display": "56", "missing_lines": 41, "excluded_lines": 0, "percent_statements_covered": 55.913978494623656, "percent_statements_covered_display": "56"}, "missing_lines": [76, 77, 79, 80, 81, 83, 85, 86, 87, 88, 89, 90, 92, 132, 133, 134, 185, 186, 188, 189, 190, 191, 192, 193, 195, 196, 206, 207, 209, 213, 214, 219, 220, 222, 224, 225, 232, 233, 234, 235, 237], "excluded_lines": [], "start_line": 1}}}, "app/api/v1/salon.py": {"executed_lines": [3, 5, 7, 8, 9, 11, 12, 13, 15, 16, 17, 18, 19, 20, 21, 28, 29, 31, 33, 34, 37, 38, 42, 43, 45, 48, 49, 54, 55, 57, 58, 59, 60, 61, 69, 71, 72, 73, 74, 75, 82, 90, 93, 94, 133, 134, 164, 165, 176, 177, 206, 207, 233, 234], "summary": {"covered_lines": 54, "num_statements": 146, "percent_covered": 36.986301369863014, "percent_covered_display": "37", "missing_lines": 92, "excluded_lines": 0, "percent_statements_covered": 36.986301369863014, "percent_statements_covered_display": "37"}, "missing_lines": [44, 56, 70, 99, 100, 101, 102, 103, 104, 105, 106, 107, 108, 109, 110, 111, 112, 113, 114, 115, 116, 117, 118, 119, 120, 121, 122, 123, 124, 125, 140, 141, 142, 143, 144, 145, 147, 148, 154, 155, 156, 157, 159, 160, 161, 169, 170, 171, 172, 173, 181, 183, 184, 185, 186, 187, 188, 189, 190, 191, 192, 193, 194, 195, 203, 211, 212, 213, 214, 215, 216, 218, 220, 222, 224, 225, 226, 239, 240, 241, 242, 243, 244, 245, 247, 248, 249, 251, 252, 253, 255, 256], "excluded_lines": [], "functions": {"get_salon": {"executed_lines": [42, 43, 45], "summary": {"covered_lines": 3, "num_statements": 4, "percent_covered": 75.0, "percent_covered_display": "75", "missing_lines": 1, "excluded_lines": 0, "percent_statements_covered": 75.0, "percent_statements_covered_display": "75"}, "missing_lines": [44], "excluded_lines": [], "start_line": 38}, "patch_salon": {"executed_lines": [54, 55, 57, 58, 59, 60, 61, 69, 71, 72, 73, 74, 75, 82, 90], "summary": {"covered_lines": 15, "num_statements": 17, "percent_covered": 88.23529411764706, "percent_covered_display": "88", "missing_lines": 2, "excluded_lines": 0, "percent_statements_covered": 88.23529411764706, "percent_statements_covered_display": "88"}, "missing_lines": [56, 70], "excluded_lines": [], "start_line": 49}, "verify_telegram": {"executed_lines": [], "summary": {"covered_lines": 0, "num_statements": 27, "percent_covered": 0.0, "percent_covered_display": "0", "missing_lines": 27, "excluded_lines": 0, "percent_statements_covered": 0.0, "percent_statements_covered_display": "0"}, "missing_lines": [99, 100, 101, 102, 103, 104, 105, 106, 107, 108, 109, 110, 111, 112, 113, 114, 115, 116, 117, 118, 119, 120, 121, 122, 123, 124, 125], "excluded_lines": [], "start_line": 94}, "upload_brand": {"executed_lines": [], "summary": {"covered_lines": 0, "num_statements": 15, "percent_covered": 0.0, "percent_covered_display": "0", "missing_lines": 15, "excluded_lines": 0, "percent_statements_covered": 0.0, "percent_statements_covered_display": "0"}, "missing_lines": [140, 141, 142, 143, 144, 145, 147, 148, 154, 155, 156, 157, 159, 160, 161], "excluded_lines": [], "start_line": 134}, "list_backups": {"executed_lines": [], "summary": {"covered_lines": 0, "num_statements": 5, "percent_covered": 0.0, "percent_covered_display": "0", "missing_lines": 5, "excluded_lines": 0, "percent_statements_covered": 0.0, "percent_statements_covered_display": "0"}, "missing_lines": [169, 170, 171, 172, 173], "excluded_lines": [], "start_line": 165}, "run_backup_now": {"executed_lines": [], "summary": {"covered_lines": 0, "num_statements": 15, "percent_covered": 0.0, "percent_covered_display": "0", "missing_lines": 15, "excluded_lines": 0, "percent_statements_covered": 0.0, "percent_statements_covered_display": "0"}, "missing_lines": [181, 183, 184, 185, 186, 187, 188, 189, 190, 191, 192, 193, 194, 195, 203], "excluded_lines": [], "start_line": 177}, "download_last_backup": {"executed_lines": [], "summary": {"covered_lines": 0, "num_statements": 12, "percent_covered": 0.0, "percent_covered_display": "0", "missing_lines": 12, "excluded_lines": 0, "percent_statements_covered": 0.0, "percent_statements_covered_display": "0"}, "missing_lines": [211, 212, 213, 214, 215, 216, 218, 220, 222, 224, 225, 226], "excluded_lines": [], "start_line": 207}, "serve_media_file": {"executed_lines": [], "summary": {"covered_lines": 0, "num_statements": 15, "percent_covered": 0.0, "percent_covered_display": "0", "missing_lines": 15, "excluded_lines": 0, "percent_statements_covered": 0.0, "percent_statements_covered_display": "0"}, "missing_lines": [239, 240, 241, 242, 243, 244, 245, 247, 248, 249, 251, 252, 253, 255, 256], "excluded_lines": [], "start_line": 234}, "": {"executed_lines": [3, 5, 7, 8, 9, 11, 12, 13, 15, 16, 17, 18, 19, 20, 21, 28, 29, 31, 33, 34, 37, 38, 48, 49, 93, 94, 133, 134, 164, 165, 176, 177, 206, 207, 233, 234], "summary": {"covered_lines": 36, "num_statements": 36, "percent_covered": 100.0, "percent_covered_display": "100", "missing_lines": 0, "excluded_lines": 0, "percent_statements_covered": 100.0, "percent_statements_covered_display": "100"}, "missing_lines": [], "excluded_lines": [], "start_line": 1}}, "classes": {"": {"executed_lines": [3, 5, 7, 8, 9, 11, 12, 13, 15, 16, 17, 18, 19, 20, 21, 28, 29, 31, 33, 34, 37, 38, 42, 43, 45, 48, 49, 54, 55, 57, 58, 59, 60, 61, 69, 71, 72, 73, 74, 75, 82, 90, 93, 94, 133, 134, 164, 165, 176, 177, 206, 207, 233, 234], "summary": {"covered_lines": 54, "num_statements": 146, "percent_covered": 36.986301369863014, "percent_covered_display": "37", "missing_lines": 92, "excluded_lines": 0, "percent_statements_covered": 36.986301369863014, "percent_statements_covered_display": "37"}, "missing_lines": [44, 56, 70, 99, 100, 101, 102, 103, 104, 105, 106, 107, 108, 109, 110, 111, 112, 113, 114, 115, 116, 117, 118, 119, 120, 121, 122, 123, 124, 125, 140, 141, 142, 143, 144, 145, 147, 148, 154, 155, 156, 157, 159, 160, 161, 169, 170, 171, 172, 173, 181, 183, 184, 185, 186, 187, 188, 189, 190, 191, 192, 193, 194, 195, 203, 211, 212, 213, 214, 215, 216, 218, 220, 222, 224, 225, 226, 239, 240, 241, 242, 243, 244, 245, 247, 248, 249, 251, 252, 253, 255, 256], "excluded_lines": [], "start_line": 1}}}, "app/api/v1/schedule.py": {"executed_lines": [3, 5, 6, 7, 9, 10, 11, 13, 14, 15, 16, 17, 18, 19, 20, 28, 30, 32, 33, 36, 37, 40, 41, 48, 49, 50, 52, 60, 62, 67, 74, 77, 78, 85, 87, 88, 90, 93, 96, 124, 125, 130, 131, 138, 139, 140, 141, 151, 152, 157, 158, 160, 161, 162], "summary": {"covered_lines": 54, "num_statements": 58, "percent_covered": 93.10344827586206, "percent_covered_display": "93", "missing_lines": 4, "excluded_lines": 0, "percent_statements_covered": 93.10344827586206, "percent_statements_covered_display": "93"}, "missing_lines": [51, 61, 86, 159], "excluded_lines": [], "functions": {"_fmt_time": {"executed_lines": [37], "summary": {"covered_lines": 1, "num_statements": 1, "percent_covered": 100.0, "percent_covered_display": "100", "missing_lines": 0, "excluded_lines": 0, "percent_statements_covered": 100.0, "percent_statements_covered_display": "100"}, "missing_lines": [], "excluded_lines": [], "start_line": 36}, "get_slots": {"executed_lines": [48, 49, 50, 52, 60, 62, 67, 74], "summary": {"covered_lines": 8, "num_statements": 10, "percent_covered": 80.0, "percent_covered_display": "80", "missing_lines": 2, "excluded_lines": 0, "percent_statements_covered": 80.0, "percent_statements_covered_display": "80"}, "missing_lines": [51, 61], "excluded_lines": [], "start_line": 41}, "get_calendar": {"executed_lines": [85, 87, 88, 90, 93, 96], "summary": {"covered_lines": 6, "num_statements": 7, "percent_covered": 85.71428571428571, "percent_covered_display": "86", "missing_lines": 1, "excluded_lines": 0, "percent_statements_covered": 85.71428571428571, "percent_statements_covered_display": "86"}, "missing_lines": [86], "excluded_lines": [], "start_line": 78}, "create_block": {"executed_lines": [130, 131, 138, 139, 140, 141], "summary": {"covered_lines": 6, "num_statements": 6, "percent_covered": 100.0, "percent_covered_display": "100", "missing_lines": 0, "excluded_lines": 0, "percent_statements_covered": 100.0, "percent_statements_covered_display": "100"}, "missing_lines": [], "excluded_lines": [], "start_line": 125}, "delete_block": {"executed_lines": [157, 158, 160, 161, 162], "summary": {"covered_lines": 5, "num_statements": 6, "percent_covered": 83.33333333333333, "percent_covered_display": "83", "missing_lines": 1, "excluded_lines": 0, "percent_statements_covered": 83.33333333333333, "percent_statements_covered_display": "83"}, "missing_lines": [159], "excluded_lines": [], "start_line": 152}, "": {"executed_lines": [3, 5, 6, 7, 9, 10, 11, 13, 14, 15, 16, 17, 18, 19, 20, 28, 30, 32, 33, 36, 40, 41, 77, 78, 124, 125, 151, 152], "summary": {"covered_lines": 28, "num_statements": 28, "percent_covered": 100.0, "percent_covered_display": "100", "missing_lines": 0, "excluded_lines": 0, "percent_statements_covered": 100.0, "percent_statements_covered_display": "100"}, "missing_lines": [], "excluded_lines": [], "start_line": 1}}, "classes": {"": {"executed_lines": [3, 5, 6, 7, 9, 10, 11, 13, 14, 15, 16, 17, 18, 19, 20, 28, 30, 32, 33, 36, 37, 40, 41, 48, 49, 50, 52, 60, 62, 67, 74, 77, 78, 85, 87, 88, 90, 93, 96, 124, 125, 130, 131, 138, 139, 140, 141, 151, 152, 157, 158, 160, 161, 162], "summary": {"covered_lines": 54, "num_statements": 58, "percent_covered": 93.10344827586206, "percent_covered_display": "93", "missing_lines": 4, "excluded_lines": 0, "percent_statements_covered": 93.10344827586206, "percent_statements_covered_display": "93"}, "missing_lines": [51, 61, 86, 159], "excluded_lines": [], "start_line": 1}}}, "app/api/v1/segments.py": {"executed_lines": [3, 5, 6, 8, 9, 10, 12, 13, 14, 15, 16, 18, 20, 23, 24, 27, 28, 42, 43, 48, 49, 52, 53], "summary": {"covered_lines": 23, "num_statements": 32, "percent_covered": 71.875, "percent_covered_display": "72", "missing_lines": 9, "excluded_lines": 0, "percent_statements_covered": 71.875, "percent_statements_covered_display": "72"}, "missing_lines": [33, 34, 35, 36, 37, 38, 39, 50, 51], "excluded_lines": [], "functions": {"preview_segment_get": {"executed_lines": [], "summary": {"covered_lines": 0, "num_statements": 7, "percent_covered": 0.0, "percent_covered_display": "0", "missing_lines": 7, "excluded_lines": 0, "percent_statements_covered": 0.0, "percent_statements_covered_display": "0"}, "missing_lines": [33, 34, 35, 36, 37, 38, 39], "excluded_lines": [], "start_line": 28}, "preview_segment_post": {"executed_lines": [48, 49, 52, 53], "summary": {"covered_lines": 4, "num_statements": 6, "percent_covered": 66.66666666666667, "percent_covered_display": "67", "missing_lines": 2, "excluded_lines": 0, "percent_statements_covered": 66.66666666666667, "percent_statements_covered_display": "67"}, "missing_lines": [50, 51], "excluded_lines": [], "start_line": 43}, "": {"executed_lines": [3, 5, 6, 8, 9, 10, 12, 13, 14, 15, 16, 18, 20, 23, 24, 27, 28, 42, 43], "summary": {"covered_lines": 19, "num_statements": 19, "percent_covered": 100.0, "percent_covered_display": "100", "missing_lines": 0, "excluded_lines": 0, "percent_statements_covered": 100.0, "percent_statements_covered_display": "100"}, "missing_lines": [], "excluded_lines": [], "start_line": 1}}, "classes": {"SegmentPreviewBody": {"executed_lines": [], "summary": {"covered_lines": 0, "num_statements": 0, "percent_covered": 100.0, "percent_covered_display": "100", "missing_lines": 0, "excluded_lines": 0, "percent_statements_covered": 100.0, "percent_statements_covered_display": "100"}, "missing_lines": [], "excluded_lines": [], "start_line": 23}, "": {"executed_lines": [3, 5, 6, 8, 9, 10, 12, 13, 14, 15, 16, 18, 20, 23, 24, 27, 28, 42, 43, 48, 49, 52, 53], "summary": {"covered_lines": 23, "num_statements": 32, "percent_covered": 71.875, "percent_covered_display": "72", "missing_lines": 9, "excluded_lines": 0, "percent_statements_covered": 71.875, "percent_statements_covered_display": "72"}, "missing_lines": [33, 34, 35, 36, 37, 38, 39, 50, 51], "excluded_lines": [], "start_line": 1}}}, "app/api/v1/service_categories.py": {"executed_lines": [3, 5, 6, 8, 9, 10, 12, 13, 14, 15, 16, 17, 19, 21, 22, 25, 26, 42, 43, 52, 53, 63, 64, 75, 76], "summary": {"covered_lines": 25, "num_statements": 34, "percent_covered": 73.52941176470588, "percent_covered_display": "74", "missing_lines": 9, "excluded_lines": 0, "percent_statements_covered": 73.52941176470588, "percent_statements_covered_display": "74"}, "missing_lines": [33, 34, 48, 49, 59, 60, 71, 72, 82], "excluded_lines": [], "functions": {"list_categories": {"executed_lines": [], "summary": {"covered_lines": 0, "num_statements": 2, "percent_covered": 0.0, "percent_covered_display": "0", "missing_lines": 2, "excluded_lines": 0, "percent_statements_covered": 0.0, "percent_statements_covered_display": "0"}, "missing_lines": [33, 34], "excluded_lines": [], "start_line": 26}, "get_category": {"executed_lines": [], "summary": {"covered_lines": 0, "num_statements": 2, "percent_covered": 0.0, "percent_covered_display": "0", "missing_lines": 2, "excluded_lines": 0, "percent_statements_covered": 0.0, "percent_statements_covered_display": "0"}, "missing_lines": [48, 49], "excluded_lines": [], "start_line": 43}, "create_category": {"executed_lines": [], "summary": {"covered_lines": 0, "num_statements": 2, "percent_covered": 0.0, "percent_covered_display": "0", "missing_lines": 2, "excluded_lines": 0, "percent_statements_covered": 0.0, "percent_statements_covered_display": "0"}, "missing_lines": [59, 60], "excluded_lines": [], "start_line": 53}, "update_category": {"executed_lines": [], "summary": {"covered_lines": 0, "num_statements": 2, "percent_covered": 0.0, "percent_covered_display": "0", "missing_lines": 2, "excluded_lines": 0, "percent_statements_covered": 0.0, "percent_statements_covered_display": "0"}, "missing_lines": [71, 72], "excluded_lines": [], "start_line": 64}, "delete_category": {"executed_lines": [], "summary": {"covered_lines": 0, "num_statements": 1, "percent_covered": 0.0, "percent_covered_display": "0", "missing_lines": 1, "excluded_lines": 0, "percent_statements_covered": 0.0, "percent_statements_covered_display": "0"}, "missing_lines": [82], "excluded_lines": [], "start_line": 76}, "": {"executed_lines": [3, 5, 6, 8, 9, 10, 12, 13, 14, 15, 16, 17, 19, 21, 22, 25, 26, 42, 43, 52, 53, 63, 64, 75, 76], "summary": {"covered_lines": 25, "num_statements": 25, "percent_covered": 100.0, "percent_covered_display": "100", "missing_lines": 0, "excluded_lines": 0, "percent_statements_covered": 100.0, "percent_statements_covered_display": "100"}, "missing_lines": [], "excluded_lines": [], "start_line": 1}}, "classes": {"": {"executed_lines": [3, 5, 6, 8, 9, 10, 12, 13, 14, 15, 16, 17, 19, 21, 22, 25, 26, 42, 43, 52, 53, 63, 64, 75, 76], "summary": {"covered_lines": 25, "num_statements": 34, "percent_covered": 73.52941176470588, "percent_covered_display": "74", "missing_lines": 9, "excluded_lines": 0, "percent_statements_covered": 73.52941176470588, "percent_statements_covered_display": "74"}, "missing_lines": [33, 34, 48, 49, 59, 60, 71, 72, 82], "excluded_lines": [], "start_line": 1}}}, "app/api/v1/services.py": {"executed_lines": [3, 5, 6, 8, 9, 10, 12, 13, 14, 15, 16, 17, 19, 21, 22, 25, 26, 42, 43, 52, 53, 63, 64, 75, 76], "summary": {"covered_lines": 25, "num_statements": 34, "percent_covered": 73.52941176470588, "percent_covered_display": "74", "missing_lines": 9, "excluded_lines": 0, "percent_statements_covered": 73.52941176470588, "percent_statements_covered_display": "74"}, "missing_lines": [33, 34, 48, 49, 59, 60, 71, 72, 82], "excluded_lines": [], "functions": {"list_services": {"executed_lines": [], "summary": {"covered_lines": 0, "num_statements": 2, "percent_covered": 0.0, "percent_covered_display": "0", "missing_lines": 2, "excluded_lines": 0, "percent_statements_covered": 0.0, "percent_statements_covered_display": "0"}, "missing_lines": [33, 34], "excluded_lines": [], "start_line": 26}, "get_service": {"executed_lines": [], "summary": {"covered_lines": 0, "num_statements": 2, "percent_covered": 0.0, "percent_covered_display": "0", "missing_lines": 2, "excluded_lines": 0, "percent_statements_covered": 0.0, "percent_statements_covered_display": "0"}, "missing_lines": [48, 49], "excluded_lines": [], "start_line": 43}, "create_service": {"executed_lines": [], "summary": {"covered_lines": 0, "num_statements": 2, "percent_covered": 0.0, "percent_covered_display": "0", "missing_lines": 2, "excluded_lines": 0, "percent_statements_covered": 0.0, "percent_statements_covered_display": "0"}, "missing_lines": [59, 60], "excluded_lines": [], "start_line": 53}, "update_service": {"executed_lines": [], "summary": {"covered_lines": 0, "num_statements": 2, "percent_covered": 0.0, "percent_covered_display": "0", "missing_lines": 2, "excluded_lines": 0, "percent_statements_covered": 0.0, "percent_statements_covered_display": "0"}, "missing_lines": [71, 72], "excluded_lines": [], "start_line": 64}, "delete_service": {"executed_lines": [], "summary": {"covered_lines": 0, "num_statements": 1, "percent_covered": 0.0, "percent_covered_display": "0", "missing_lines": 1, "excluded_lines": 0, "percent_statements_covered": 0.0, "percent_statements_covered_display": "0"}, "missing_lines": [82], "excluded_lines": [], "start_line": 76}, "": {"executed_lines": [3, 5, 6, 8, 9, 10, 12, 13, 14, 15, 16, 17, 19, 21, 22, 25, 26, 42, 43, 52, 53, 63, 64, 75, 76], "summary": {"covered_lines": 25, "num_statements": 25, "percent_covered": 100.0, "percent_covered_display": "100", "missing_lines": 0, "excluded_lines": 0, "percent_statements_covered": 100.0, "percent_statements_covered_display": "100"}, "missing_lines": [], "excluded_lines": [], "start_line": 1}}, "classes": {"": {"executed_lines": [3, 5, 6, 8, 9, 10, 12, 13, 14, 15, 16, 17, 19, 21, 22, 25, 26, 42, 43, 52, 53, 63, 64, 75, 76], "summary": {"covered_lines": 25, "num_statements": 34, "percent_covered": 73.52941176470588, "percent_covered_display": "74", "missing_lines": 9, "excluded_lines": 0, "percent_statements_covered": 73.52941176470588, "percent_statements_covered_display": "74"}, "missing_lines": [33, 34, 48, 49, 59, 60, 71, 72, 82], "excluded_lines": [], "start_line": 1}}}, "app/api/v1/stats.py": {"executed_lines": [3, 5, 6, 7, 9, 10, 11, 13, 14, 15, 16, 24, 26, 29, 33, 35, 38, 39, 58, 59, 64, 65, 66, 67, 70, 71, 86, 87, 97, 98, 111, 112, 123, 124, 134, 135, 152, 153], "summary": {"covered_lines": 38, "num_statements": 73, "percent_covered": 52.054794520547944, "percent_covered_display": "52", "missing_lines": 35, "excluded_lines": 0, "percent_statements_covered": 52.054794520547944, "percent_statements_covered_display": "52"}, "missing_lines": [34, 44, 45, 46, 47, 48, 49, 76, 77, 92, 93, 94, 104, 105, 106, 107, 108, 118, 119, 120, 130, 131, 140, 141, 142, 143, 144, 159, 160, 161, 162, 163, 164, 171, 172], "excluded_lines": [], "functions": {"parse_period": {"executed_lines": [33, 35], "summary": {"covered_lines": 2, "num_statements": 3, "percent_covered": 66.66666666666667, "percent_covered_display": "67", "missing_lines": 1, "excluded_lines": 0, "percent_statements_covered": 66.66666666666667, "percent_statements_covered_display": "67"}, "missing_lines": [34], "excluded_lines": [], "start_line": 29}, "stats_overview": {"executed_lines": [], "summary": {"covered_lines": 0, "num_statements": 6, "percent_covered": 0.0, "percent_covered_display": "0", "missing_lines": 6, "excluded_lines": 0, "percent_statements_covered": 0.0, "percent_statements_covered_display": "0"}, "missing_lines": [44, 45, 46, 47, 48, 49], "excluded_lines": [], "start_line": 39}, "stats_bot": {"executed_lines": [64, 65, 66, 67], "summary": {"covered_lines": 4, "num_statements": 4, "percent_covered": 100.0, "percent_covered_display": "100", "missing_lines": 0, "excluded_lines": 0, "percent_statements_covered": 100.0, "percent_statements_covered_display": "100"}, "missing_lines": [], "excluded_lines": [], "start_line": 59}, "stats_bookings": {"executed_lines": [], "summary": {"covered_lines": 0, "num_statements": 2, "percent_covered": 0.0, "percent_covered_display": "0", "missing_lines": 2, "excluded_lines": 0, "percent_statements_covered": 0.0, "percent_statements_covered_display": "0"}, "missing_lines": [76, 77], "excluded_lines": [], "start_line": 71}, "stats_masters": {"executed_lines": [], "summary": {"covered_lines": 0, "num_statements": 3, "percent_covered": 0.0, "percent_covered_display": "0", "missing_lines": 3, "excluded_lines": 0, "percent_statements_covered": 0.0, "percent_statements_covered_display": "0"}, "missing_lines": [92, 93, 94], "excluded_lines": [], "start_line": 87}, "stats_master_detail": {"executed_lines": [], "summary": {"covered_lines": 0, "num_statements": 5, "percent_covered": 0.0, "percent_covered_display": "0", "missing_lines": 5, "excluded_lines": 0, "percent_statements_covered": 0.0, "percent_statements_covered_display": "0"}, "missing_lines": [104, 105, 106, 107, 108], "excluded_lines": [], "start_line": 98}, "stats_services_top": {"executed_lines": [], "summary": {"covered_lines": 0, "num_statements": 3, "percent_covered": 0.0, "percent_covered_display": "0", "missing_lines": 3, "excluded_lines": 0, "percent_statements_covered": 0.0, "percent_statements_covered_display": "0"}, "missing_lines": [118, 119, 120], "excluded_lines": [], "start_line": 112}, "stats_services_dead": {"executed_lines": [], "summary": {"covered_lines": 0, "num_statements": 2, "percent_covered": 0.0, "percent_covered_display": "0", "missing_lines": 2, "excluded_lines": 0, "percent_statements_covered": 0.0, "percent_statements_covered_display": "0"}, "missing_lines": [130, 131], "excluded_lines": [], "start_line": 124}, "stats_finance_payroll": {"executed_lines": [], "summary": {"covered_lines": 0, "num_statements": 5, "percent_covered": 0.0, "percent_covered_display": "0", "missing_lines": 5, "excluded_lines": 0, "percent_statements_covered": 0.0, "percent_statements_covered_display": "0"}, "missing_lines": [140, 141, 142, 143, 144], "excluded_lines": [], "start_line": 135}, "stats_finance_export": {"executed_lines": [], "summary": {"covered_lines": 0, "num_statements": 8, "percent_covered": 0.0, "percent_covered_display": "0", "missing_lines": 8, "excluded_lines": 0, "percent_statements_covered": 0.0, "percent_statements_covered_display": "0"}, "missing_lines": [159, 160, 161, 162, 163, 164, 171, 172], "excluded_lines": [], "start_line": 153}, "": {"executed_lines": [3, 5, 6, 7, 9, 10, 11, 13, 14, 15, 16, 24, 26, 29, 38, 39, 58, 59, 70, 71, 86, 87, 97, 98, 111, 112, 123, 124, 134, 135, 152, 153], "summary": {"covered_lines": 32, "num_statements": 32, "percent_covered": 100.0, "percent_covered_display": "100", "missing_lines": 0, "excluded_lines": 0, "percent_statements_covered": 100.0, "percent_statements_covered_display": "100"}, "missing_lines": [], "excluded_lines": [], "start_line": 1}}, "classes": {"": {"executed_lines": [3, 5, 6, 7, 9, 10, 11, 13, 14, 15, 16, 24, 26, 29, 33, 35, 38, 39, 58, 59, 64, 65, 66, 67, 70, 71, 86, 87, 97, 98, 111, 112, 123, 124, 134, 135, 152, 153], "summary": {"covered_lines": 38, "num_statements": 73, "percent_covered": 52.054794520547944, "percent_covered_display": "52", "missing_lines": 35, "excluded_lines": 0, "percent_statements_covered": 52.054794520547944, "percent_statements_covered_display": "52"}, "missing_lines": [34, 44, 45, 46, 47, 48, 49, 76, 77, 92, 93, 94, 104, 105, 106, 107, 108, 118, 119, 120, 130, 131, 140, 141, 142, 143, 144, 159, 160, 161, 162, 163, 164, 171, 172], "excluded_lines": [], "start_line": 1}}}, "app/api/v1/tg.py": {"executed_lines": [3, 5, 7, 9, 11, 14, 15], "summary": {"covered_lines": 7, "num_statements": 19, "percent_covered": 36.8421052631579, "percent_covered_display": "37", "missing_lines": 12, "excluded_lines": 0, "percent_statements_covered": 36.8421052631579, "percent_statements_covered_display": "37"}, "missing_lines": [20, 21, 22, 23, 28, 30, 31, 32, 33, 35, 36, 37], "excluded_lines": [], "functions": {"telegram_webhook": {"executed_lines": [], "summary": {"covered_lines": 0, "num_statements": 12, "percent_covered": 0.0, "percent_covered_display": "0", "missing_lines": 12, "excluded_lines": 0, "percent_statements_covered": 0.0, "percent_statements_covered_display": "0"}, "missing_lines": [20, 21, 22, 23, 28, 30, 31, 32, 33, 35, 36, 37], "excluded_lines": [], "start_line": 15}, "": {"executed_lines": [3, 5, 7, 9, 11, 14, 15], "summary": {"covered_lines": 7, "num_statements": 7, "percent_covered": 100.0, "percent_covered_display": "100", "missing_lines": 0, "excluded_lines": 0, "percent_statements_covered": 100.0, "percent_statements_covered_display": "100"}, "missing_lines": [], "excluded_lines": [], "start_line": 1}}, "classes": {"": {"executed_lines": [3, 5, 7, 9, 11, 14, 15], "summary": {"covered_lines": 7, "num_statements": 19, "percent_covered": 36.8421052631579, "percent_covered_display": "37", "missing_lines": 12, "excluded_lines": 0, "percent_statements_covered": 36.8421052631579, "percent_statements_covered_display": "37"}, "missing_lines": [20, 21, 22, 23, 28, 30, 31, 32, 33, 35, 36, 37], "excluded_lines": [], "start_line": 1}}}, "app/api/v1/users_admin.py": {"executed_lines": [3, 5, 6, 7, 8, 9, 11, 12, 13, 15, 16, 17, 18, 19, 20, 21, 22, 29, 31, 33, 36, 40, 41, 47, 48, 49, 52, 53, 54, 57, 58, 92, 93, 122, 123, 144, 145], "summary": {"covered_lines": 37, "num_statements": 80, "percent_covered": 46.25, "percent_covered_display": "46", "missing_lines": 43, "excluded_lines": 0, "percent_statements_covered": 46.25, "percent_statements_covered_display": "46"}, "missing_lines": [37, 63, 64, 65, 66, 67, 68, 69, 79, 80, 81, 89, 99, 100, 101, 102, 103, 104, 105, 106, 107, 108, 109, 110, 119, 128, 129, 130, 131, 132, 133, 134, 150, 151, 152, 153, 154, 155, 164, 165, 166, 167, 175], "excluded_lines": [], "functions": {"_hash_invite": {"executed_lines": [], "summary": {"covered_lines": 0, "num_statements": 1, "percent_covered": 0.0, "percent_covered_display": "0", "missing_lines": 1, "excluded_lines": 0, "percent_statements_covered": 0.0, "percent_statements_covered_display": "0"}, "missing_lines": [37], "excluded_lines": [], "start_line": 36}, "list_users": {"executed_lines": [47, 48, 49, 52, 53, 54], "summary": {"covered_lines": 6, "num_statements": 6, "percent_covered": 100.0, "percent_covered_display": "100", "missing_lines": 0, "excluded_lines": 0, "percent_statements_covered": 100.0, "percent_statements_covered_display": "100"}, "missing_lines": [], "excluded_lines": [], "start_line": 41}, "create_user": {"executed_lines": [], "summary": {"covered_lines": 0, "num_statements": 11, "percent_covered": 0.0, "percent_covered_display": "0", "missing_lines": 11, "excluded_lines": 0, "percent_statements_covered": 0.0, "percent_statements_covered_display": "0"}, "missing_lines": [63, 64, 65, 66, 67, 68, 69, 79, 80, 81, 89], "excluded_lines": [], "start_line": 58}, "patch_user": {"executed_lines": [], "summary": {"covered_lines": 0, "num_statements": 13, "percent_covered": 0.0, "percent_covered_display": "0", "missing_lines": 13, "excluded_lines": 0, "percent_statements_covered": 0.0, "percent_statements_covered_display": "0"}, "missing_lines": [99, 100, 101, 102, 103, 104, 105, 106, 107, 108, 109, 110, 119], "excluded_lines": [], "start_line": 93}, "delete_user": {"executed_lines": [], "summary": {"covered_lines": 0, "num_statements": 7, "percent_covered": 0.0, "percent_covered_display": "0", "missing_lines": 7, "excluded_lines": 0, "percent_statements_covered": 0.0, "percent_statements_covered_display": "0"}, "missing_lines": [128, 129, 130, 131, 132, 133, 134], "excluded_lines": [], "start_line": 123}, "create_invite": {"executed_lines": [], "summary": {"covered_lines": 0, "num_statements": 11, "percent_covered": 0.0, "percent_covered_display": "0", "missing_lines": 11, "excluded_lines": 0, "percent_statements_covered": 0.0, "percent_statements_covered_display": "0"}, "missing_lines": [150, 151, 152, 153, 154, 155, 164, 165, 166, 167, 175], "excluded_lines": [], "start_line": 145}, "": {"executed_lines": [3, 5, 6, 7, 8, 9, 11, 12, 13, 15, 16, 17, 18, 19, 20, 21, 22, 29, 31, 33, 36, 40, 41, 57, 58, 92, 93, 122, 123, 144, 145], "summary": {"covered_lines": 31, "num_statements": 31, "percent_covered": 100.0, "percent_covered_display": "100", "missing_lines": 0, "excluded_lines": 0, "percent_statements_covered": 100.0, "percent_statements_covered_display": "100"}, "missing_lines": [], "excluded_lines": [], "start_line": 1}}, "classes": {"": {"executed_lines": [3, 5, 6, 7, 8, 9, 11, 12, 13, 15, 16, 17, 18, 19, 20, 21, 22, 29, 31, 33, 36, 40, 41, 47, 48, 49, 52, 53, 54, 57, 58, 92, 93, 122, 123, 144, 145], "summary": {"covered_lines": 37, "num_statements": 80, "percent_covered": 46.25, "percent_covered_display": "46", "missing_lines": 43, "excluded_lines": 0, "percent_statements_covered": 46.25, "percent_statements_covered_display": "46"}, "missing_lines": [37, 63, 64, 65, 66, 67, 68, 69, 79, 80, 81, 89, 99, 100, 101, 102, 103, 104, 105, 106, 107, 108, 109, 110, 119, 128, 129, 130, 131, 132, 133, 134, 150, 151, 152, 153, 154, 155, 164, 165, 166, 167, 175], "excluded_lines": [], "start_line": 1}}}, "app/bot/__init__.py": {"executed_lines": [3, 5, 6, 7, 9, 15, 16, 19, 21, 28, 30, 31, 32, 33, 34, 36, 37, 38, 39, 40, 41, 42, 43, 44, 47, 48], "summary": {"covered_lines": 26, "num_statements": 27, "percent_covered": 96.29629629629629, "percent_covered_display": "96", "missing_lines": 1, "excluded_lines": 0, "percent_statements_covered": 96.29629629629629, "percent_statements_covered_display": "96"}, "missing_lines": [22], "excluded_lines": [], "functions": {"build_dispatcher": {"executed_lines": [21, 28, 30, 31, 32, 33, 34, 36, 37, 38, 39, 40, 41, 42, 43, 44], "summary": {"covered_lines": 16, "num_statements": 17, "percent_covered": 94.11764705882354, "percent_covered_display": "94", "missing_lines": 1, "excluded_lines": 0, "percent_statements_covered": 94.11764705882354, "percent_statements_covered_display": "94"}, "missing_lines": [22], "excluded_lines": [], "start_line": 19}, "build_bot": {"executed_lines": [48], "summary": {"covered_lines": 1, "num_statements": 1, "percent_covered": 100.0, "percent_covered_display": "100", "missing_lines": 0, "excluded_lines": 0, "percent_statements_covered": 100.0, "percent_statements_covered_display": "100"}, "missing_lines": [], "excluded_lines": [], "start_line": 47}, "": {"executed_lines": [3, 5, 6, 7, 9, 15, 16, 19, 47], "summary": {"covered_lines": 9, "num_statements": 9, "percent_covered": 100.0, "percent_covered_display": "100", "missing_lines": 0, "excluded_lines": 0, "percent_statements_covered": 100.0, "percent_statements_covered_display": "100"}, "missing_lines": [], "excluded_lines": [], "start_line": 1}}, "classes": {"": {"executed_lines": [3, 5, 6, 7, 9, 15, 16, 19, 21, 28, 30, 31, 32, 33, 34, 36, 37, 38, 39, 40, 41, 42, 43, 44, 47, 48], "summary": {"covered_lines": 26, "num_statements": 27, "percent_covered": 96.29629629629629, "percent_covered_display": "96", "missing_lines": 1, "excluded_lines": 0, "percent_statements_covered": 96.29629629629629, "percent_statements_covered_display": "96"}, "missing_lines": [22], "excluded_lines": [], "start_line": 1}}}, "app/bot/calendar_ui.py": {"executed_lines": [3, 5, 6, 7, 9, 10, 11, 12, 13, 14, 16, 17, 18, 19, 20, 21, 24, 41, 47, 78, 89], "summary": {"covered_lines": 21, "num_statements": 56, "percent_covered": 37.5, "percent_covered_display": "38", "missing_lines": 35, "excluded_lines": 0, "percent_statements_covered": 37.5, "percent_statements_covered_display": "38"}, "missing_lines": [25, 26, 27, 28, 36, 37, 38, 42, 43, 44, 52, 53, 54, 55, 57, 58, 59, 61, 62, 63, 64, 65, 66, 67, 70, 71, 73, 74, 75, 84, 85, 86, 95, 96, 97], "excluded_lines": [], "functions": {"_duration_for_pair": {"executed_lines": [], "summary": {"covered_lines": 0, "num_statements": 7, "percent_covered": 0.0, "percent_covered_display": "0", "missing_lines": 7, "excluded_lines": 0, "percent_statements_covered": 0.0, "percent_statements_covered_display": "0"}, "missing_lines": [25, 26, 27, 28, 36, 37, 38], "excluded_lines": [], "start_line": 24}, "salon_today": {"executed_lines": [], "summary": {"covered_lines": 0, "num_statements": 3, "percent_covered": 0.0, "percent_covered_display": "0", "missing_lines": 3, "excluded_lines": 0, "percent_statements_covered": 0.0, "percent_statements_covered_display": "0"}, "missing_lines": [42, 43, 44], "excluded_lines": [], "start_line": 41}, "_calendar_payload": {"executed_lines": [], "summary": {"covered_lines": 0, "num_statements": 19, "percent_covered": 0.0, "percent_covered_display": "0", "missing_lines": 19, "excluded_lines": 0, "percent_statements_covered": 0.0, "percent_statements_covered_display": "0"}, "missing_lines": [52, 53, 54, 55, 57, 58, 59, 61, 62, 63, 64, 65, 66, 67, 70, 71, 73, 74, 75], "excluded_lines": [], "start_line": 47}, "show_date_calendar": {"executed_lines": [], "summary": {"covered_lines": 0, "num_statements": 3, "percent_covered": 0.0, "percent_covered_display": "0", "missing_lines": 3, "excluded_lines": 0, "percent_statements_covered": 0.0, "percent_statements_covered_display": "0"}, "missing_lines": [84, 85, 86], "excluded_lines": [], "start_line": 78}, "edit_date_calendar": {"executed_lines": [], "summary": {"covered_lines": 0, "num_statements": 3, "percent_covered": 0.0, "percent_covered_display": "0", "missing_lines": 3, "excluded_lines": 0, "percent_statements_covered": 0.0, "percent_statements_covered_display": "0"}, "missing_lines": [95, 96, 97], "excluded_lines": [], "start_line": 89}, "": {"executed_lines": [3, 5, 6, 7, 9, 10, 11, 12, 13, 14, 16, 17, 18, 19, 20, 21, 24, 41, 47, 78, 89], "summary": {"covered_lines": 21, "num_statements": 21, "percent_covered": 100.0, "percent_covered_display": "100", "missing_lines": 0, "excluded_lines": 0, "percent_statements_covered": 100.0, "percent_statements_covered_display": "100"}, "missing_lines": [], "excluded_lines": [], "start_line": 1}}, "classes": {"": {"executed_lines": [3, 5, 6, 7, 9, 10, 11, 12, 13, 14, 16, 17, 18, 19, 20, 21, 24, 41, 47, 78, 89], "summary": {"covered_lines": 21, "num_statements": 56, "percent_covered": 37.5, "percent_covered_display": "38", "missing_lines": 35, "excluded_lines": 0, "percent_statements_covered": 37.5, "percent_statements_covered_display": "38"}, "missing_lines": [25, 26, 27, 28, 36, 37, 38, 42, 43, 44, 52, 53, 54, 55, 57, 58, 59, 61, 62, 63, 64, 65, 66, 67, 70, 71, 73, 74, 75, 84, 85, 86, 95, 96, 97], "excluded_lines": [], "start_line": 1}}}, "app/bot/fluent_i18n.py": {"executed_lines": [3, 5, 6, 7, 9, 11, 12, 15, 16, 19, 20, 21, 22, 23, 24, 25, 26, 29, 31, 32, 33, 35, 36, 38], "summary": {"covered_lines": 24, "num_statements": 26, "percent_covered": 92.3076923076923, "percent_covered_display": "92", "missing_lines": 2, "excluded_lines": 0, "percent_statements_covered": 92.3076923076923, "percent_statements_covered_display": "92"}, "missing_lines": [34, 37], "excluded_lines": [], "functions": {"_texts_dir": {"executed_lines": [16], "summary": {"covered_lines": 1, "num_statements": 1, "percent_covered": 100.0, "percent_covered_display": "100", "missing_lines": 0, "excluded_lines": 0, "percent_statements_covered": 100.0, "percent_statements_covered_display": "100"}, "missing_lines": [], "excluded_lines": [], "start_line": 15}, "_bundle_for_locale": {"executed_lines": [21, 22, 23, 24, 25, 26], "summary": {"covered_lines": 6, "num_statements": 6, "percent_covered": 100.0, "percent_covered_display": "100", "missing_lines": 0, "excluded_lines": 0, "percent_statements_covered": 100.0, "percent_statements_covered_display": "100"}, "missing_lines": [], "excluded_lines": [], "start_line": 20}, "format_message": {"executed_lines": [31, 32, 33, 35, 36, 38], "summary": {"covered_lines": 6, "num_statements": 8, "percent_covered": 75.0, "percent_covered_display": "75", "missing_lines": 2, "excluded_lines": 0, "percent_statements_covered": 75.0, "percent_statements_covered_display": "75"}, "missing_lines": [34, 37], "excluded_lines": [], "start_line": 29}, "": {"executed_lines": [3, 5, 6, 7, 9, 11, 12, 15, 19, 20, 29], "summary": {"covered_lines": 11, "num_statements": 11, "percent_covered": 100.0, "percent_covered_display": "100", "missing_lines": 0, "excluded_lines": 0, "percent_statements_covered": 100.0, "percent_statements_covered_display": "100"}, "missing_lines": [], "excluded_lines": [], "start_line": 1}}, "classe
[...]
/broadcasts.py": {"executed_lines": [3, 5, 6, 7, 9, 10, 11, 12, 13, 14, 16, 18, 19, 20, 21, 24, 25, 28, 29, 31, 32, 41, 42, 43, 67, 76, 77, 78, 79, 95, 96, 97, 98, 99, 100, 101, 102, 107, 110, 112, 113, 117, 118, 120, 121, 122, 125, 128, 129, 130, 131, 134, 135, 136, 138, 139, 140, 141, 142, 154, 155, 156, 157, 158, 159, 160, 162, 165, 166, 167, 169, 170, 173, 176, 177, 179, 180, 192, 193, 194, 213, 214, 215, 216, 217, 218, 219, 222, 223, 226, 229, 237, 238, 240, 241, 242, 243, 244, 245, 247], "summary": {"covered_lines": 100, "num_statements": 159, "percent_covered": 62.893081761006286, "percent_covered_display": "63", "missing_lines": 59, "excluded_lines": 0, "percent_statements_covered": 62.893081761006286, "percent_statements_covered_display": "63"}, "missing_lines": [30, 33, 34, 35, 36, 37, 38, 44, 45, 46, 47, 48, 49, 50, 51, 52, 53, 54, 60, 61, 62, 63, 64, 80, 81, 88, 114, 115, 123, 124, 126, 127, 168, 171, 172, 174, 175, 181, 182, 183, 184, 185, 186, 187, 188, 189, 190, 202, 203, 204, 205, 206, 207, 208, 209, 210, 211, 239, 246], "excluded_lines": [], "functions": {"_pick_message": {"executed_lines": [29, 31, 32], "summary": {"covered_lines": 3, "num_statements": 10, "percent_covered": 30.0, "percent_covered_display": "30", "missing_lines": 7, "excluded_lines": 0, "percent_statements_covered": 30.0, "percent_statements_covered_display": "30"}, "missing_lines": [30, 33, 34, 35, 36, 37, 38], "excluded_lines": [], "start_line": 28}, "_reply_markup": {"executed_lines": [42, 43], "summary": {"covered_lines": 2, "num_statements": 18, "percent_covered": 11.11111111111111, "percent_covered_display": "11", "missing_lines": 16, "excluded_lines": 0, "percent_statements_covered": 11.11111111111111, "percent_statements_covered_display": "11"}, "missing_lines": [44, 45, 46, 47, 48, 49, 50, 51, 52, 53, 54, 60, 61, 62, 63, 64], "excluded_lines": [], "start_line": 41}, "_send_with_retry": {"executed_lines": [76, 77, 78, 79, 95, 96, 97, 98, 99, 100, 101, 102, 107], "summary": {"covered_lines": 13, "num_statements": 16, "percent_covered": 81.25, "percent_covered_display": "81", "missing_lines": 3, "excluded_lines": 0, "percent_statements_covered": 81.25, "percent_statements_covered_display": "81"}, "missing_lines": [80, 81, 88], "excluded_lines": [], "start_line": 67}, "send_broadcast": {"executed_lines": [112, 113, 117, 118, 120, 121, 122, 125, 128, 129, 130, 131, 134, 135, 136, 138, 139, 140, 141, 142, 154, 155, 156, 157, 158, 159, 160, 162, 165, 166, 167, 169, 170, 173, 176, 177, 179, 180, 192, 193, 194, 213, 214, 215, 216, 217, 218, 219, 222, 223, 226], "summary": {"covered_lines": 51, "num_statements": 82, "percent_covered": 62.19512195121951, "percent_covered_display": "62", "missing_lines": 31, "excluded_lines": 0, "percent_statements_covered": 62.19512195121951, "percent_statements_covered_display": "62"}, "missing_lines": [114, 115, 123, 124, 126, 127, 168, 171, 172, 174, 175, 181, 182, 183, 184, 185, 186, 187, 188, 189, 190, 202, 203, 204, 205, 206, 207, 208, 209, 210, 211], "excluded_lines": [], "start_line": 110}, "_bump_stats_locked": {"executed_lines": [237, 238, 240, 241, 242, 243, 244, 245, 247], "summary": {"covered_lines": 9, "num_statements": 11, "percent_covered": 81.81818181818181, "percent_covered_display": "82", "missing_lines": 2, "excluded_lines": 0, "percent_statements_covered": 81.81818181818181, "percent_statements_covered_display": "82"}, "missing_lines": [239, 246], "excluded_lines": [], "start_line": 229}, "": {"executed_lines": [3, 5, 6, 7, 9, 10, 11, 12, 13, 14, 16, 18, 19, 20, 21, 24, 25, 28, 41, 67, 110, 229], "summary": {"covered_lines": 22, "num_statements": 22, "percent_covered": 100.0, "percent_covered_display": "100", "missing_lines": 0, "excluded_lines": 0, "percent_statements_covered": 100.0, "percent_statements_covered_display": "100"}, "missing_lines": [], "excluded_lines": [], "start_line": 1}}, "classes": {"": {"executed_lines": [3, 5, 6, 7, 9, 10, 11, 12, 13, 14, 16, 18, 19, 20, 21, 24, 25, 28, 29, 31, 32, 41, 42, 43, 67, 76, 77, 78, 79, 95, 96, 97, 98, 99, 100, 101, 102, 107, 110, 112, 113, 117, 118, 120, 121, 122, 125, 128, 129, 130, 131, 134, 135, 136, 138, 139, 140, 141, 142, 154, 155, 156, 157, 158, 159, 160, 162, 165, 166, 167, 169, 170, 173, 176, 177, 179, 180, 192, 193, 194, 213, 214, 215, 216, 217, 218, 219, 222, 223, 226, 229, 237, 238, 240, 241, 242, 243, 244, 245, 247], "summary": {"covered_lines": 100, "num_statements": 159, "percent_covered": 62.893081761006286, "percent_covered_display": "63", "missing_lines": 59, "excluded_lines": 0, "percent_statements_covered": 62.893081761006286, "percent_statements_covered_display": "63"}, "missing_lines": [30, 33, 34, 35, 36, 37, 38, 44, 45, 46, 47, 48, 49, 50, 51, 52, 53, 54, 60, 61, 62, 63, 64, 80, 81, 88, 114, 115, 123, 124, 126, 127, 168, 171, 172, 174, 175, 181, 182, 183, 184, 185, 186, 187, 188, 189, 190, 202, 203, 204, 205, 206, 207, 208, 209, 210, 211, 239, 246], "excluded_lines": [], "start_line": 1}}}, "app/workers/indexer.py": {"executed_lines": [3, 5, 6, 7, 9, 10, 11, 13, 14, 17, 18, 19, 20, 23, 24, 25, 26, 27, 28, 29, 30, 31, 32, 33, 34, 35, 36, 37, 38, 41, 53, 55, 56, 57, 58, 60, 61, 62, 64, 65, 66, 67, 68, 69, 70, 71, 72, 73, 74], "summary": {"covered_lines": 49, "num_statements": 63, "percent_covered": 77.77777777777777, "percent_covered_display": "78", "missing_lines": 14, "excluded_lines": 0, "percent_statements_covered": 77.77777777777777, "percent_statements_covered_display": "78"}, "missing_lines": [42, 47, 48, 49, 50, 76, 77, 79, 80, 81, 82, 83, 84, 93], "excluded_lines": [], "functions": {"_split_chunks": {"executed_lines": [24, 25, 26, 27, 28, 29, 30, 31, 32, 33, 34, 35, 36, 37, 38], "summary": {"covered_lines": 15, "num_statements": 15, "percent_covered": 100.0, "percent_covered_display": "100", "missing_lines": 0, "excluded_lines": 0, "percent_statements_covered": 100.0, "percent_statements_covered_display": "100"}, "missing_lines": [], "excluded_lines": [], "start_line": 23}, "_embed_sync": {"executed_lines": [], "summary": {"covered_lines": 0, "num_statements": 5, "percent_covered": 0.0, "percent_covered_display": "0", "missing_lines": 5, "excluded_lines": 0, "percent_statements_covered": 0.0, "percent_statements_covered_display": "0"}, "missing_lines": [42, 47, 48, 49, 50], "excluded_lines": [], "start_line": 41}, "index_kb_document": {"executed_lines": [55, 56, 57, 58, 60, 61, 62, 64, 65, 66, 67, 68, 69, 70, 71, 72, 73, 74], "summary": {"covered_lines": 18, "num_statements": 27, "percent_covered": 66.66666666666667, "percent_covered_display": "67", "missing_lines": 9, "excluded_lines": 0, "percent_statements_covered": 66.66666666666667, "percent_statements_covered_display": "67"}, "missing_lines": [76, 77, 79, 80, 81, 82, 83, 84, 93], "excluded_lines": [], "start_line": 53}, "": {"executed_lines": [3, 5, 6, 7, 9, 10, 11, 13, 14, 17, 18, 19, 20, 23, 41, 53], "summary": {"covered_lines": 16, "num_statements": 16, "percent_covered": 100.0, "percent_covered_display": "100", "missing_lines": 0, "excluded_lines": 0, "percent_statements_covered": 100.0, "percent_statements_covered_display": "100"}, "missing_lines": [], "excluded_lines": [], "start_line": 1}}, "classes": {"": {"executed_lines": [3, 5, 6, 7, 9, 10, 11, 13, 14, 17, 18, 19, 20, 23, 24, 25, 26, 27, 28, 29, 30, 31, 32, 33, 34, 35, 36, 37, 38, 41, 53, 55, 56, 57, 58, 60, 61, 62, 64, 65, 66, 67, 68, 69, 70, 71, 72, 73, 74], "summary": {"covered_lines": 49, "num_statements": 63, "percent_covered": 77.77777777777777, "percent_covered_display": "78", "missing_lines": 14, "excluded_lines": 0, "percent_statements_covered": 77.77777777777777, "percent_statements_covered_display": "78"}, "missing_lines": [42, 47, 48, 49, 50, 76, 77, 79, 80, 81, 82, 83, 84, 93], "excluded_lines": [], "start_line": 1}}}, "app/workers/reminders.py": {"executed_lines": [3, 5, 6, 7, 9, 10, 11, 12, 13, 15, 17, 18, 19, 20, 21, 22, 23, 26, 32, 33, 36, 37, 40, 41, 44, 52, 72, 73, 84, 88, 89, 95, 98, 103, 105, 106, 110, 111, 112, 115, 116, 117, 119, 120, 121, 124, 126, 137, 138, 141, 142, 143, 144, 146, 147, 148, 151, 156, 157, 159, 160, 162, 163, 164, 166, 167, 168, 169, 171, 178, 179, 190], "summary": {"covered_lines": 72, "num_statements": 86, "percent_covered": 83.72093023255815, "percent_covered_display": "84", "missing_lines": 14, "excluded_lines": 0, "percent_statements_covered": 83.72093023255815, "percent_statements_covered_display": "84"}, "missing_lines": [99, 100, 107, 108, 122, 123, 139, 145, 149, 161, 180, 181, 187, 188], "excluded_lines": [], "functions": {"_intervals_enabled": {"executed_lines": [37], "summary": {"covered_lines": 1, "num_statements": 1, "percent_covered": 100.0, "percent_covered_display": "100", "missing_lines": 0, "excluded_lines": 0, "percent_statements_covered": 100.0, "percent_statements_covered_display": "100"}, "missing_lines": [], "excluded_lines": [], "start_line": 36}, "_bucket_allowed": {"executed_lines": [41], "summary": {"covered_lines": 1, "num_statements": 1, "percent_covered": 100.0, "percent_covered_display": "100", "missing_lines": 0, "excluded_lines": 0, "percent_statements_covered": 100.0, "percent_statements_covered_display": "100"}, "missing_lines": [], "excluded_lines": [], "start_line": 40}, "_reminder_body": {"executed_lines": [52, 72, 73], "summary": {"covered_lines": 3, "num_statements": 3, "percent_covered": 100.0, "percent_covered_display": "100", "missing_lines": 0, "excluded_lines": 0, "percent_statements_covered": 100.0, "percent_statements_covered_display": "100"}, "missing_lines": [], "excluded_lines": [], "start_line": 44}, "_claim_reminder_flag": {"executed_lines": [88, 89, 95], "summary": {"covered_lines": 3, "num_statements": 3, "percent_covered": 100.0, "percent_covered_display": "100", "missing_lines": 0, "excluded_lines": 0, "percent_statements_covered": 100.0, "percent_statements_covered_display": "100"}, "missing_lines": [], "excluded_lines": [], "start_line": 84}, "_revert_reminder_flag": {"executed_lines": [], "summary": {"covered_lines": 0, "num_statements": 2, "percent_covered": 0.0, "percent_covered_display": "0", "missing_lines": 2, "excluded_lines": 0, "percent_statements_covered": 0.0, "percent_statements_covered_display": "0"}, "missing_lines": [99, 100], "excluded_lines": [], "start_line": 98}, "process_booking_reminders": {"executed_lines": [105, 106, 110, 111, 112], "summary": {"covered_lines": 5, "num_statements": 7, "percent_covered": 71.42857142857143, "percent_covered_display": "71", "missing_lines": 2, "excluded_lines": 0, "percent_statements_covered": 71.42857142857143, "percent_statements_covered_display": "71"}, "missing_lines": [107, 108], "excluded_lines": [], "start_line": 103}, "_run_reminders_session": {"executed_lines": [116, 117, 119, 120, 121, 124, 126, 137, 138, 141, 142, 143, 144, 146, 147, 148, 151, 156, 157, 159, 160, 162, 163, 164, 166, 167, 168, 169, 171, 178, 179, 190], "summary": {"covered_lines": 32, "num_statements": 42, "percent_covered": 76.19047619047619, "percent_covered_display": "76", "missing_lines": 10, "excluded_lines": 0, "percent_statements_covered": 76.19047619047619, "percent_statements_covered_display": "76"}, "missing_lines": [122, 123, 139, 145, 149, 161, 180, 181, 187, 188], "excluded_lines": [], "start_line": 115}, "": {"executed_lines": [3, 5, 6, 7, 9, 10, 11, 12, 13, 15, 17, 18, 19, 20, 21, 22, 23, 26, 32, 33, 36, 40, 44, 84, 98, 103, 115], "summary": {"covered_lines": 27, "num_statements": 27, "percent_covered": 100.0, "percent_covered_display": "100", "missing_lines": 0, "excluded_lines": 0, "percent_statements_covered": 100.0, "percent_statements_covered_display": "100"}, "missing_lines": [], "excluded_lines": [], "start_line": 1}}, "classes": {"": {"executed_lines": [3, 5, 6, 7, 9, 10, 11, 12, 13, 15, 17, 18, 19, 20, 21, 22, 23, 26, 32, 33, 36, 37, 40, 41, 44, 52, 72, 73, 84, 88, 89, 95, 98, 103, 105, 106, 110, 111, 112, 115, 116, 117, 119, 120, 121, 124, 126, 137, 138, 141, 142, 143, 144, 146, 147, 148, 151, 156, 157, 159, 160, 162, 163, 164, 166, 167, 168, 169, 171, 178, 179, 190], "summary": {"covered_lines": 72, "num_statements": 86, "percent_covered": 83.72093023255815, "percent_covered_display": "84", "missing_lines": 14, "excluded_lines": 0, "percent_statements_covered": 83.72093023255815, "percent_statements_covered_display": "84"}, "missing_lines": [99, 100, 107, 108, 122, 123, 139, 145, 149, 161, 180, 181, 187, 188], "excluded_lines": [], "start_line": 1}}}, "app/workers/reviews.py": {"executed_lines": [3, 5, 6, 8, 9, 10, 11, 12, 13, 15, 17, 18, 19, 20, 21, 22, 25, 26, 30, 36, 39, 56, 57, 58, 59, 60, 62, 72, 74, 75, 77, 78, 80, 84, 89, 90, 91, 95, 96, 97, 101, 102, 103, 105, 106, 107, 112, 113, 118, 119, 122, 125, 127, 129, 130, 132, 134, 135, 136], "summary": {"covered_lines": 59, "num_statements": 79, "percent_covered": 74.68354430379746, "percent_covered_display": "75", "missing_lines": 20, "excluded_lines": 0, "percent_statements_covered": 74.68354430379746, "percent_statements_covered_display": "75"}, "missing_lines": [41, 43, 44, 45, 46, 48, 49, 51, 52, 53, 92, 93, 98, 99, 114, 115, 116, 128, 137, 138], "excluded_lines": [], "functions": {"_review_stars_keyboard": {"executed_lines": [26, 30, 36], "summary": {"covered_lines": 3, "num_statements": 3, "percent_covered": 100.0, "percent_covered_display": "100", "missing_lines": 0, "excluded_lines": 0, "percent_statements_covered": 100.0, "percent_statements_covered_display": "100"}, "missing_lines": [], "excluded_lines": [], "start_line": 25}, "run_review_sender": {"executed_lines": [], "summary": {"covered_lines": 0, "num_statements": 10, "percent_covered": 0.0, "percent_covered_display": "0", "missing_lines": 10, "excluded_lines": 0, "percent_statements_covered": 0.0, "percent_statements_covered_display": "0"}, "missing_lines": [41, 43, 44, 45, 46, 48, 49, 51, 52, 53], "excluded_lines": [], "start_line": 39}, "_run_review_session": {"executed_lines": [57, 58, 59, 60, 62, 72, 74, 75, 77, 78, 80, 84, 89, 90, 91, 95, 96, 97, 101, 102, 103, 105, 106, 107, 112, 113, 118, 119, 122], "summary": {"covered_lines": 29, "num_statements": 36, "percent_covered": 80.55555555555556, "percent_covered_display": "81", "missing_lines": 7, "excluded_lines": 0, "percent_statements_covered": 80.55555555555556, "percent_statements_covered_display": "81"}, "missing_lines": [92, 93, 98, 99, 114, 115, 116], "excluded_lines": [], "start_line": 56}, "_set_review_fsm_state": {"executed_lines": [127, 129, 130, 132, 134, 135, 136], "summary": {"covered_lines": 7, "num_statements": 10, "percent_covered": 70.0, "percent_covered_display": "70", "missing_lines": 3, "excluded_lines": 0, "percent_statements_covered": 70.0, "percent_statements_covered_display": "70"}, "missing_lines": [128, 137, 138], "excluded_lines": [], "start_line": 125}, "": {"executed_lines": [3, 5, 6, 8, 9, 10, 11, 12, 13, 15, 17, 18, 19, 20, 21, 22, 25, 39, 56, 125], "summary": {"covered_lines": 20, "num_statements": 20, "percent_covered": 100.0, "percent_covered_display": "100", "missing_lines": 0, "excluded_lines": 0, "percent_statements_covered": 100.0, "percent_statements_covered_display": "100"}, "missing_lines": [], "excluded_lines": [], "start_line": 1}}, "classes": {"": {"executed_lines": [3, 5, 6, 8, 9, 10, 11, 12, 13, 15, 17, 18, 19, 20, 21, 22, 25, 26, 30, 36, 39, 56, 57, 58, 59, 60, 62, 72, 74, 75, 77, 78, 80, 84, 89, 90, 91, 95, 96, 97, 101, 102, 103, 105, 106, 107, 112, 113, 118, 119, 122, 125, 127, 129, 130, 132, 134, 135, 136], "summary": {"covered_lines": 59, "num_statements": 79, "percent_covered": 74.68354430379746, "percent_covered_display": "75", "missing_lines": 20, "excluded_lines": 0, "percent_statements_covered": 74.68354430379746, "percent_statements_covered_display": "75"}, "missing_lines": [41, 43, 44, 45, 46, 48, 49, 51, 52, 53, 92, 93, 98, 99, 114, 115, 116, 128, 137, 138], "excluded_lines": [], "start_line": 1}}}, "app/workers/settings.py": {"executed_lines": [], "summary": {"covered_lines": 0, "num_statements": 30, "percent_covered": 0.0, "percent_covered_display": "0", "missing_lines": 30, "excluded_lines": 0, "percent_statements_covered": 0.0, "percent_statements_covered_display": "0"}, "missing_lines": [3, 5, 6, 7, 9, 10, 11, 12, 13, 14, 15, 18, 19, 20, 21, 22, 25, 26, 28, 29, 30, 32, 33, 36, 37, 38, 39, 43, 64, 65], "excluded_lines": [], "functions": {"_redis_settings": {"executed_lines": [], "summary": {"covered_lines": 0, "num_statements": 4, "percent_covered": 0.0, "percent_covered_display": "0", "missing_lines": 4, "excluded_lines": 0, "percent_statements_covered": 0.0, "percent_statements_covered_display": "0"}, "missing_lines": [19, 20, 21, 22], "excluded_lines": [], "start_line": 18}, "on_startup": {"executed_lines": [], "summary": {"covered_lines": 0, "num_statements": 6, "percent_covered": 0.0, "percent_covered_display": "0", "missing_lines": 6, "excluded_lines": 0, "percent_statements_covered": 0.0, "percent_statements_covered_display": "0"}, "missing_lines": [26, 28, 29, 30, 32, 33], "excluded_lines": [], "start_line": 25}, "": {"executed_lines": [], "summary": {"covered_lines": 0, "num_statements": 20, "percent_covered": 0.0, "percent_covered_display": "0", "missing_lines": 20, "excluded_lines": 0, "percent_statements_covered": 0.0, "percent_statements_covered_display": "0"}, "missing_lines": [3, 5, 6, 7, 9, 10, 11, 12, 13, 14, 15, 18, 25, 36, 37, 38, 39, 43, 64, 65], "excluded_lines": [], "start_line": 1}}, "classes": {"WorkerSettings": {"executed_lines": [], "summary": {"covered_lines": 0, "num_statements": 0, "percent_covered": 100.0, "percent_covered_display": "100", "missing_lines": 0, "excluded_lines": 0, "percent_statements_covered": 100.0, "percent_statements_covered_display": "100"}, "missing_lines": [], "excluded_lines": [], "start_line": 36}, "": {"executed_lines": [], "summary": {"covered_lines": 0, "num_statements": 30, "percent_covered": 0.0, "percent_covered_display": "0", "missing_lines": 30, "excluded_lines": 0, "percent_statements_covered": 0.0, "percent_statements_covered_display": "0"}, "missing_lines": [3, 5, 6, 7, 9, 10, 11, 12, 13, 14, 15, 18, 19, 20, 21, 22, 25, 26, 28, 29, 30, 32, 33, 36, 37, 38, 39, 43, 64, 65], "excluded_lines": [], "start_line": 1}}}, "app/workers/stats_job.py": {"executed_lines": [3, 5, 6, 8, 9, 12, 13, 14, 15, 16, 17], "summary": {"covered_lines": 11, "num_statements": 11, "percent_covered": 100.0, "percent_covered_display": "100", "missing_lines": 0, "excluded_lines": 0, "percent_statements_covered": 100.0, "percent_statements_covered_display": "100"}, "missing_lines": [], "excluded_lines": [], "functions": {"refresh_bot_visit_stats_yesterday": {"executed_lines": [13, 14, 15, 16, 17], "summary": {"covered_lines": 5, "num_statements": 5, "percent_covered": 100.0, "percent_covered_display": "100", "missing_lines": 0, "excluded_lines": 0, "percent_statements_covered": 100.0, "percent_statements_covered_display": "100"}, "missing_lines": [], "excluded_lines": [], "start_line": 12}, "": {"executed_lines": [3, 5, 6, 8, 9, 12], "summary": {"covered_lines": 6, "num_statements": 6, "percent_covered": 100.0, "percent_covered_display": "100", "missing_lines": 0, "excluded_lines": 0, "percent_statements_covered": 100.0, "percent_statements_covered_display": "100"}, "missing_lines": [], "excluded_lines": [], "start_line": 1}}, "classes": {"": {"executed_lines": [3, 5, 6, 8, 9, 12, 13, 14, 15, 16, 17], "summary": {"covered_lines": 11, "num_statements": 11, "percent_covered": 100.0, "percent_covered_display": "100", "missing_lines": 0, "excluded_lines": 0, "percent_statements_covered": 100.0, "percent_statements_covered_display": "100"}, "missing_lines": [], "excluded_lines": [], "start_line": 1}}}}, "totals": {"covered_lines": 3580, "num_statements": 5430, "percent_covered": 65.93001841620627, "percent_covered_display": "66", "missing_lines": 1850, "excluded_lines": 0, "percent_statements_covered": 65.93001841620627, "percent_statements_covered_display": "66"}}